<?xml version="1.0" encoding="UTF-8"?>
<!-- Generated by org.testng.reporters.JUnitReportReporter -->
<testsuite hostname="DESKTOP-SNIMC8C" failures="0" tests="1000" name="testNGAnnotation_Flag.InnocationCount" time="2.191" errors="0" timestamp="2023-12-02T23:16:51 IST" skipped="0">
  <testcase classname="testNGAnnotation_Flag.InnocationCount" name="method1" time="0.001">
    <system-out>
      <![CDATA[Method1 Is For InnocationCount]]>
    </system-out>
  </testcase> <!-- method1 -->
  <testcase classname="testNGAnnotation_Flag.InnocationCount" name="method1" time="0.001">
    <system-out>
      <![CDATA[Method1 Is For InnocationCount]]>
    </system-out>
  </testcase> <!-- method1 -->
  <testcase classname="testNGAnnotation_Flag.InnocationCount" name="method1" time="0.001">
    <system-out>
      <![CDATA[Method1 Is For InnocationCount]]>
    </system-out>
  </testcase> <!-- method1 -->
  <testcase classname="testNGAnnotation_Flag.InnocationCount" name="method1" time="0.001">
    <system-out>
      <![CDATA[Method1 Is For InnocationCount]]>
    </system-out>
  </testcase> <!-- method1 -->
  <testcase classname="testNGAnnotation_Flag.InnocationCount" name="method1" time="0.001">
    <system-out>
      <![CDATA[Method1 Is For InnocationCount]]>
    </system-out>
  </testcase> <!-- method1 -->
  <testcase classname="testNGAnnotation_Flag.InnocationCount" name="method1" time="0.001">
    <system-out>
      <![CDATA[Method1 Is For InnocationCount]]>
    </system-out>
  </testcase> <!-- method1 -->
  <testcase classname="testNGAnnotation_Flag.InnocationCount" name="method1" time="0.002">
    <system-out>
      <![CDATA[Method1 Is For InnocationCount]]>
    </system-out>
  </testcase> <!-- method1 -->
  <testcase classname="testNGAnnotation_Flag.InnocationCount" name="method1" time="0.001">
    <system-out>
      <![CDATA[Method1 Is For InnocationCount]]>
    </system-out>
  </testcase> <!-- method1 -->
  <testcase classname="testNGAnnotation_Flag.InnocationCount" name="method1" time="0.002">
    <system-out>
      <![CDATA[Method1 Is For InnocationCount]]>
    </system-out>
  </testcase> <!-- method1 -->
  <testcase classname="testNGAnnotation_Flag.InnocationCount" name="method1" time="0.010">
    <system-out>
      <![CDATA[Method1 Is For InnocationCount]]>
    </system-out>
  </testcase> <!-- method1 -->
  <testcase classname="testNGAnnotation_Flag.InnocationCount" name="method1" time="0.006">
    <system-out>
      <![CDATA[Method1 Is For InnocationCount]]>
    </system-out>
  </testcase> <!-- method1 -->
  <testcase classname="testNGAnnotation_Flag.InnocationCount" name="method1" time="0.005">
    <system-out>
      <![CDATA[Method1 Is For InnocationCount]]>
    </system-out>
  </testcase> <!-- method1 -->
  <testcase classname="testNGAnnotation_Flag.InnocationCount" name="method1" time="0.001">
    <system-out>
      <![CDATA[Method1 Is For InnocationCount]]>
    </system-out>
  </testcase> <!-- method1 -->
  <testcase classname="testNGAnnotation_Flag.InnocationCount" name="method1" time="0.001">
    <system-out>
      <![CDATA[Method1 Is For InnocationCount]]>
    </system-out>
  </testcase> <!-- method1 -->
  <testcase classname="testNGAnnotation_Flag.InnocationCount" name="method1" time="0.001">
    <system-out>
      <![CDATA[Method1 Is For InnocationCount]]>
    </system-out>
  </testcase> <!-- method1 -->
  <testcase classname="testNGAnnotation_Flag.InnocationCount" name="method1" time="0.005">
    <system-out>
      <![CDATA[Method1 Is For InnocationCount]]>
    </system-out>
  </testcase> <!-- method1 -->
  <testcase classname="testNGAnnotation_Flag.InnocationCount" name="method1" time="0.002">
    <system-out>
      <![CDATA[Method1 Is For InnocationCount]]>
    </system-out>
  </testcase> <!-- method1 -->
  <testcase classname="testNGAnnotation_Flag.InnocationCount" name="method1" time="0.004">
    <system-out>
      <![CDATA[Method1 Is For InnocationCount]]>
    </system-out>
  </testcase> <!-- method1 -->
  <testcase classname="testNGAnnotation_Flag.InnocationCount" name="method1" time="0.000">
    <system-out>
      <![CDATA[Method1 Is For InnocationCount]]>
    </system-out>
  </testcase> <!-- method1 -->
  <testcase classname="testNGAnnotation_Flag.InnocationCount" name="method1" time="0.003">
    <system-out>
      <![CDATA[Method1 Is For InnocationCount]]>
    </system-out>
  </testcase> <!-- method1 -->
  <testcase classname="testNGAnnotation_Flag.InnocationCount" name="method1" time="0.001">
    <system-out>
      <![CDATA[Method1 Is For InnocationCount]]>
    </system-out>
  </testcase> <!-- method1 -->
  <testcase classname="testNGAnnotation_Flag.InnocationCount" name="method1" time="0.000">
    <system-out>
      <![CDATA[Method1 Is For InnocationCount]]>
    </system-out>
  </testcase> <!-- method1 -->
  <testcase classname="testNGAnnotation_Flag.InnocationCount" name="method1" time="0.000">
    <system-out>
      <![CDATA[Method1 Is For InnocationCount]]>
    </system-out>
  </testcase> <!-- method1 -->
  <testcase classname="testNGAnnotation_Flag.InnocationCount" name="method1" time="0.000">
    <system-out>
      <![CDATA[Method1 Is For InnocationCount]]>
    </system-out>
  </testcase> <!-- method1 -->
  <testcase classname="testNGAnnotation_Flag.InnocationCount" name="method1" time="0.000">
    <system-out>
      <![CDATA[Method1 Is For InnocationCount]]>
    </system-out>
  </testcase> <!-- method1 -->
  <testcase classname="testNGAnnotation_Flag.InnocationCount" name="method1" time="0.001">
    <system-out>
      <![CDATA[Method1 Is For InnocationCount]]>
    </system-out>
  </testcase> <!-- method1 -->
  <testcase classname="testNGAnnotation_Flag.InnocationCount" name="method1" time="0.011">
    <system-out>
      <![CDATA[Method1 Is For InnocationCount]]>
    </system-out>
  </testcase> <!-- method1 -->
  <testcase classname="testNGAnnotation_Flag.InnocationCount" name="method1" time="0.002">
    <system-out>
      <![CDATA[Method1 Is For InnocationCount]]>
    </system-out>
  </testcase> <!-- method1 -->
  <testcase classname="testNGAnnotation_Flag.InnocationCount" name="method1" time="0.011">
    <system-out>
      <![CDATA[Method1 Is For InnocationCount]]>
    </system-out>
  </testcase> <!-- method1 -->
  <testcase classname="testNGAnnotation_Flag.InnocationCount" name="method1" time="0.001">
    <system-out>
      <![CDATA[Method1 Is For InnocationCount]]>
    </system-out>
  </testcase> <!-- method1 -->
  <testcase classname="testNGAnnotation_Flag.InnocationCount" name="method1" time="0.001">
    <system-out>
      <![CDATA[Method1 Is For InnocationCount]]>
    </system-out>
  </testcase> <!-- method1 -->
  <testcase classname="testNGAnnotation_Flag.InnocationCount" name="method1" time="0.005">
    <system-out>
      <![CDATA[Method1 Is For InnocationCount]]>
    </system-out>
  </testcase> <!-- method1 -->
  <testcase classname="testNGAnnotation_Flag.InnocationCount" name="method1" time="0.001">
    <system-out>
      <![CDATA[Method1 Is For InnocationCount]]>
    </system-out>
  </testcase> <!-- method1 -->
  <testcase classname="testNGAnnotation_Flag.InnocationCount" name="method1" time="0.000">
    <system-out>
      <![CDATA[Method1 Is For InnocationCount]]>
    </system-out>
  </testcase> <!-- method1 -->
  <testcase classname="testNGAnnotation_Flag.InnocationCount" name="method1" time="0.002">
    <system-out>
      <![CDATA[Method1 Is For InnocationCount]]>
    </system-out>
  </testcase> <!-- method1 -->
  <testcase classname="testNGAnnotation_Flag.InnocationCount" name="method1" time="0.001">
    <system-out>
      <![CDATA[Method1 Is For InnocationCount]]>
    </system-out>
  </testcase> <!-- method1 -->
  <testcase classname="testNGAnnotation_Flag.InnocationCount" name="method1" time="0.001">
    <system-out>
      <![CDATA[Method1 Is For InnocationCount]]>
    </system-out>
  </testcase> <!-- method1 -->
  <testcase classname="testNGAnnotation_Flag.InnocationCount" name="method1" time="0.001">
    <system-out>
      <![CDATA[Method1 Is For InnocationCount]]>
    </system-out>
  </testcase> <!-- method1 -->
  <testcase classname="testNGAnnotation_Flag.InnocationCount" name="method1" time="0.001">
    <system-out>
      <![CDATA[Method1 Is For InnocationCount]]>
    </system-out>
  </testcase> <!-- method1 -->
  <testcase classname="testNGAnnotation_Flag.InnocationCount" name="method1" time="0.002">
    <system-out>
      <![CDATA[Method1 Is For InnocationCount]]>
    </system-out>
  </testcase> <!-- method1 -->
  <testcase classname="testNGAnnotation_Flag.InnocationCount" name="method1" time="0.001">
    <system-out>
      <![CDATA[Method1 Is For InnocationCount]]>
    </system-out>
  </testcase> <!-- method1 -->
  <testcase classname="testNGAnnotation_Flag.InnocationCount" name="method1" time="0.005">
    <system-out>
      <![CDATA[Method1 Is For InnocationCount]]>
    </system-out>
  </testcase> <!-- method1 -->
  <testcase classname="testNGAnnotation_Flag.InnocationCount" name="method1" time="0.002">
    <system-out>
      <![CDATA[Method1 Is For InnocationCount]]>
    </system-out>
  </testcase> <!-- method1 -->
  <testcase classname="testNGAnnotation_Flag.InnocationCount" name="method1" time="0.001">
    <system-out>
      <![CDATA[Method1 Is For InnocationCount]]>
    </system-out>
  </testcase> <!-- method1 -->
  <testcase classname="testNGAnnotation_Flag.InnocationCount" name="method1" time="0.004">
    <system-out>
      <![CDATA[Method1 Is For InnocationCount]]>
    </system-out>
  </testcase> <!-- method1 -->
  <testcase classname="testNGAnnotation_Flag.InnocationCount" name="method1" time="0.001">
    <system-out>
      <![CDATA[Method1 Is For InnocationCount]]>
    </system-out>
  </testcase> <!-- method1 -->
  <testcase classname="testNGAnnotation_Flag.InnocationCount" name="method1" time="0.001">
    <system-out>
      <![CDATA[Method1 Is For InnocationCount]]>
    </system-out>
  </testcase> <!-- method1 -->
  <testcase classname="testNGAnnotation_Flag.InnocationCount" name="method1" time="0.001">
    <system-out>
      <![CDATA[Method1 Is For InnocationCount]]>
    </system-out>
  </testcase> <!-- method1 -->
  <testcase classname="testNGAnnotation_Flag.InnocationCount" name="method1" time="0.001">
    <system-out>
      <![CDATA[Method1 Is For InnocationCount]]>
    </system-out>
  </testcase> <!-- method1 -->
  <testcase classname="testNGAnnotation_Flag.InnocationCount" name="method1" time="0.001">
    <system-out>
      <![CDATA[Method1 Is For InnocationCount]]>
    </system-out>
  </testcase> <!-- method1 -->
  <testcase classname="testNGAnnotation_Flag.InnocationCount" name="method1" time="0.000">
    <system-out>
      <![CDATA[Method1 Is For InnocationCount]]>
    </system-out>
  </testcase> <!-- method1 -->
  <testcase classname="testNGAnnotation_Flag.InnocationCount" name="method1" time="0.001">
    <system-out>
      <![CDATA[Method1 Is For InnocationCount]]>
    </system-out>
  </testcase> <!-- method1 -->
  <testcase classname="testNGAnnotation_Flag.InnocationCount" name="method1" time="0.001">
    <system-out>
      <![CDATA[Method1 Is For InnocationCount]]>
    </system-out>
  </testcase> <!-- method1 -->
  <testcase classname="testNGAnnotation_Flag.InnocationCount" name="method1" time="0.001">
    <system-out>
      <![CDATA[Method1 Is For InnocationCount]]>
    </system-out>
  </testcase> <!-- method1 -->
  <testcase classname="testNGAnnotation_Flag.InnocationCount" name="method1" time="0.003">
    <system-out>
      <![CDATA[Method1 Is For InnocationCount]]>
    </system-out>
  </testcase> <!-- method1 -->
  <testcase classname="testNGAnnotation_Flag.InnocationCount" name="method1" time="0.002">
    <system-out>
      <![CDATA[Method1 Is For InnocationCount]]>
    </system-out>
  </testcase> <!-- method1 -->
  <testcase classname="testNGAnnotation_Flag.InnocationCount" name="method1" time="0.001">
    <system-out>
      <![CDATA[Method1 Is For InnocationCount]]>
    </system-out>
  </testcase> <!-- method1 -->
  <testcase classname="testNGAnnotation_Flag.InnocationCount" name="method1" time="0.004">
    <system-out>
      <![CDATA[Method1 Is For InnocationCount]]>
    </system-out>
  </testcase> <!-- method1 -->
  <testcase classname="testNGAnnotation_Flag.InnocationCount" name="method1" time="0.001">
    <system-out>
      <![CDATA[Method1 Is For InnocationCount]]>
    </system-out>
  </testcase> <!-- method1 -->
  <testcase classname="testNGAnnotation_Flag.InnocationCount" name="method1" time="0.001">
    <system-out>
      <![CDATA[Method1 Is For InnocationCount]]>
    </system-out>
  </testcase> <!-- method1 -->
  <testcase classname="testNGAnnotation_Flag.InnocationCount" name="method1" time="0.006">
    <system-out>
      <![CDATA[Method1 Is For InnocationCount]]>
    </system-out>
  </testcase> <!-- method1 -->
  <testcase classname="testNGAnnotation_Flag.InnocationCount" name="method1" time="0.001">
    <system-out>
      <![CDATA[Method1 Is For InnocationCount]]>
    </system-out>
  </testcase> <!-- method1 -->
  <testcase classname="testNGAnnotation_Flag.InnocationCount" name="method1" time="0.001">
    <system-out>
      <![CDATA[Method1 Is For InnocationCount]]>
    </system-out>
  </testcase> <!-- method1 -->
  <testcase classname="testNGAnnotation_Flag.InnocationCount" name="method1" time="0.001">
    <system-out>
      <![CDATA[Method1 Is For InnocationCount]]>
    </system-out>
  </testcase> <!-- method1 -->
  <testcase classname="testNGAnnotation_Flag.InnocationCount" name="method1" time="0.001">
    <system-out>
      <![CDATA[Method1 Is For InnocationCount]]>
    </system-out>
  </testcase> <!-- method1 -->
  <testcase classname="testNGAnnotation_Flag.InnocationCount" name="method1" time="0.007">
    <system-out>
      <![CDATA[Method1 Is For InnocationCount]]>
    </system-out>
  </testcase> <!-- method1 -->
  <testcase classname="testNGAnnotation_Flag.InnocationCount" name="method1" time="0.002">
    <system-out>
      <![CDATA[Method1 Is For InnocationCount]]>
    </system-out>
  </testcase> <!-- method1 -->
  <testcase classname="testNGAnnotation_Flag.InnocationCount" name="method1" time="0.001">
    <system-out>
      <![CDATA[Method1 Is For InnocationCount]]>
    </system-out>
  </testcase> <!-- method1 -->
  <testcase classname="testNGAnnotation_Flag.InnocationCount" name="method1" time="0.001">
    <system-out>
      <![CDATA[Method1 Is For InnocationCount]]>
    </system-out>
  </testcase> <!-- method1 -->
  <testcase classname="testNGAnnotation_Flag.InnocationCount" name="method1" time="0.001">
    <system-out>
      <![CDATA[Method1 Is For InnocationCount]]>
    </system-out>
  </testcase> <!-- method1 -->
  <testcase classname="testNGAnnotation_Flag.InnocationCount" name="method1" time="0.002">
    <system-out>
      <![CDATA[Method1 Is For InnocationCount]]>
    </system-out>
  </testcase> <!-- method1 -->
  <testcase classname="testNGAnnotation_Flag.InnocationCount" name="method1" time="0.002">
    <system-out>
      <![CDATA[Method1 Is For InnocationCount]]>
    </system-out>
  </testcase> <!-- method1 -->
  <testcase classname="testNGAnnotation_Flag.InnocationCount" name="method1" time="0.001">
    <system-out>
      <![CDATA[Method1 Is For InnocationCount]]>
    </system-out>
  </testcase> <!-- method1 -->
  <testcase classname="testNGAnnotation_Flag.InnocationCount" name="method1" time="0.001">
    <system-out>
      <![CDATA[Method1 Is For InnocationCount]]>
    </system-out>
  </testcase> <!-- method1 -->
  <testcase classname="testNGAnnotation_Flag.InnocationCount" name="method1" time="0.000">
    <system-out>
      <![CDATA[Method1 Is For InnocationCount]]>
    </system-out>
  </testcase> <!-- method1 -->
  <testcase classname="testNGAnnotation_Flag.InnocationCount" name="method1" time="0.001">
    <system-out>
      <![CDATA[Method1 Is For InnocationCount]]>
    </system-out>
  </testcase> <!-- method1 -->
  <testcase classname="testNGAnnotation_Flag.InnocationCount" name="method1" time="0.001">
    <system-out>
      <![CDATA[Method1 Is For InnocationCount]]>
    </system-out>
  </testcase> <!-- method1 -->
  <testcase classname="testNGAnnotation_Flag.InnocationCount" name="method1" time="0.001">
    <system-out>
      <![CDATA[Method1 Is For InnocationCount]]>
    </system-out>
  </testcase> <!-- method1 -->
  <testcase classname="testNGAnnotation_Flag.InnocationCount" name="method1" time="0.019">
    <system-out>
      <![CDATA[Method1 Is For InnocationCount]]>
    </system-out>
  </testcase> <!-- method1 -->
  <testcase classname="testNGAnnotation_Flag.InnocationCount" name="method1" time="0.001">
    <system-out>
      <![CDATA[Method1 Is For InnocationCount]]>
    </system-out>
  </testcase> <!-- method1 -->
  <testcase classname="testNGAnnotation_Flag.InnocationCount" name="method1" time="0.002">
    <system-out>
      <![CDATA[Method1 Is For InnocationCount]]>
    </system-out>
  </testcase> <!-- method1 -->
  <testcase classname="testNGAnnotation_Flag.InnocationCount" name="method1" time="0.002">
    <system-out>
      <![CDATA[Method1 Is For InnocationCount]]>
    </system-out>
  </testcase> <!-- method1 -->
  <testcase classname="testNGAnnotation_Flag.InnocationCount" name="method1" time="0.001">
    <system-out>
      <![CDATA[Method1 Is For InnocationCount]]>
    </system-out>
  </testcase> <!-- method1 -->
  <testcase classname="testNGAnnotation_Flag.InnocationCount" name="method1" time="0.002">
    <system-out>
      <![CDATA[Method1 Is For InnocationCount]]>
    </system-out>
  </testcase> <!-- method1 -->
  <testcase classname="testNGAnnotation_Flag.InnocationCount" name="method1" time="0.001">
    <system-out>
      <![CDATA[Method1 Is For InnocationCount]]>
    </system-out>
  </testcase> <!-- method1 -->
  <testcase classname="testNGAnnotation_Flag.InnocationCount" name="method1" time="0.004">
    <system-out>
      <![CDATA[Method1 Is For InnocationCount]]>
    </system-out>
  </testcase> <!-- method1 -->
  <testcase classname="testNGAnnotation_Flag.InnocationCount" name="method1" time="0.001">
    <system-out>
      <![CDATA[Method1 Is For InnocationCount]]>
    </system-out>
  </testcase> <!-- method1 -->
  <testcase classname="testNGAnnotation_Flag.InnocationCount" name="method1" time="0.001">
    <system-out>
      <![CDATA[Method1 Is For InnocationCount]]>
    </system-out>
  </testcase> <!-- method1 -->
  <testcase classname="testNGAnnotation_Flag.InnocationCount" name="method1" time="0.001">
    <system-out>
      <![CDATA[Method1 Is For InnocationCount]]>
    </system-out>
  </testcase> <!-- method1 -->
  <testcase classname="testNGAnnotation_Flag.InnocationCount" name="method1" time="0.004">
    <system-out>
      <![CDATA[Method1 Is For InnocationCount]]>
    </system-out>
  </testcase> <!-- method1 -->
  <testcase classname="testNGAnnotation_Flag.InnocationCount" name="method1" time="0.002">
    <system-out>
      <![CDATA[Method1 Is For InnocationCount]]>
    </system-out>
  </testcase> <!-- method1 -->
  <testcase classname="testNGAnnotation_Flag.InnocationCount" name="method1" time="0.004">
    <system-out>
      <![CDATA[Method1 Is For InnocationCount]]>
    </system-out>
  </testcase> <!-- method1 -->
  <testcase classname="testNGAnnotation_Flag.InnocationCount" name="method1" time="0.004">
    <system-out>
      <![CDATA[Method1 Is For InnocationCount]]>
    </system-out>
  </testcase> <!-- method1 -->
  <testcase classname="testNGAnnotation_Flag.InnocationCount" name="method1" time="0.001">
    <system-out>
      <![CDATA[Method1 Is For InnocationCount]]>
    </system-out>
  </testcase> <!-- method1 -->
  <testcase classname="testNGAnnotation_Flag.InnocationCount" name="method1" time="0.001">
    <system-out>
      <![CDATA[Method1 Is For InnocationCount]]>
    </system-out>
  </testcase> <!-- method1 -->
  <testcase classname="testNGAnnotation_Flag.InnocationCount" name="method1" time="0.002">
    <system-out>
      <![CDATA[Method1 Is For InnocationCount]]>
    </system-out>
  </testcase> <!-- method1 -->
  <testcase classname="testNGAnnotation_Flag.InnocationCount" name="method1" time="0.002">
    <system-out>
      <![CDATA[Method1 Is For InnocationCount]]>
    </system-out>
  </testcase> <!-- method1 -->
  <testcase classname="testNGAnnotation_Flag.InnocationCount" name="method1" time="0.001">
    <system-out>
      <![CDATA[Method1 Is For InnocationCount]]>
    </system-out>
  </testcase> <!-- method1 -->
  <testcase classname="testNGAnnotation_Flag.InnocationCount" name="method1" time="0.001">
    <system-out>
      <![CDATA[Method1 Is For InnocationCount]]>
    </system-out>
  </testcase> <!-- method1 -->
  <testcase classname="testNGAnnotation_Flag.InnocationCount" name="method1" time="0.001">
    <system-out>
      <![CDATA[Method1 Is For InnocationCount]]>
    </system-out>
  </testcase> <!-- method1 -->
  <testcase classname="testNGAnnotation_Flag.InnocationCount" name="method1" time="0.001">
    <system-out>
      <![CDATA[Method1 Is For InnocationCount]]>
    </system-out>
  </testcase> <!-- method1 -->
  <testcase classname="testNGAnnotation_Flag.InnocationCount" name="method1" time="0.002">
    <system-out>
      <![CDATA[Method1 Is For InnocationCount]]>
    </system-out>
  </testcase> <!-- method1 -->
  <testcase classname="testNGAnnotation_Flag.InnocationCount" name="method1" time="0.002">
    <system-out>
      <![CDATA[Method1 Is For InnocationCount]]>
    </system-out>
  </testcase> <!-- method1 -->
  <testcase classname="testNGAnnotation_Flag.InnocationCount" name="method1" time="0.001">
    <system-out>
      <![CDATA[Method1 Is For InnocationCount]]>
    </system-out>
  </testcase> <!-- method1 -->
  <testcase classname="testNGAnnotation_Flag.InnocationCount" name="method1" time="0.001">
    <system-out>
      <![CDATA[Method1 Is For InnocationCount]]>
    </system-out>
  </testcase> <!-- method1 -->
  <testcase classname="testNGAnnotation_Flag.InnocationCount" name="method1" time="0.001">
    <system-out>
      <![CDATA[Method1 Is For InnocationCount]]>
    </system-out>
  </testcase> <!-- method1 -->
  <testcase classname="testNGAnnotation_Flag.InnocationCount" name="method1" time="0.001">
    <system-out>
      <![CDATA[Method1 Is For InnocationCount]]>
    </system-out>
  </testcase> <!-- method1 -->
  <testcase classname="testNGAnnotation_Flag.InnocationCount" name="method1" time="0.001">
    <system-out>
      <![CDATA[Method1 Is For InnocationCount]]>
    </system-out>
  </testcase> <!-- method1 -->
  <testcase classname="testNGAnnotation_Flag.InnocationCount" name="method1" time="0.001">
    <system-out>
      <![CDATA[Method1 Is For InnocationCount]]>
    </system-out>
  </testcase> <!-- method1 -->
  <testcase classname="testNGAnnotation_Flag.InnocationCount" name="method1" time="0.001">
    <system-out>
      <![CDATA[Method1 Is For InnocationCount]]>
    </system-out>
  </testcase> <!-- method1 -->
  <testcase classname="testNGAnnotation_Flag.InnocationCount" name="method1" time="0.002">
    <system-out>
      <![CDATA[Method1 Is For InnocationCount]]>
    </system-out>
  </testcase> <!-- method1 -->
  <testcase classname="testNGAnnotation_Flag.InnocationCount" name="method1" time="0.001">
    <system-out>
      <![CDATA[Method1 Is For InnocationCount]]>
    </system-out>
  </testcase> <!-- method1 -->
  <testcase classname="testNGAnnotation_Flag.InnocationCount" name="method1" time="0.003">
    <system-out>
      <![CDATA[Method1 Is For InnocationCount]]>
    </system-out>
  </testcase> <!-- method1 -->
  <testcase classname="testNGAnnotation_Flag.InnocationCount" name="method1" time="0.002">
    <system-out>
      <![CDATA[Method1 Is For InnocationCount]]>
    </system-out>
  </testcase> <!-- method1 -->
  <testcase classname="testNGAnnotation_Flag.InnocationCount" name="method1" time="0.008">
    <system-out>
      <![CDATA[Method1 Is For InnocationCount]]>
    </system-out>
  </testcase> <!-- method1 -->
  <testcase classname="testNGAnnotation_Flag.InnocationCount" name="method1" time="0.001">
    <system-out>
      <![CDATA[Method1 Is For InnocationCount]]>
    </system-out>
  </testcase> <!-- method1 -->
  <testcase classname="testNGAnnotation_Flag.InnocationCount" name="method1" time="0.000">
    <system-out>
      <![CDATA[Method1 Is For InnocationCount]]>
    </system-out>
  </testcase> <!-- method1 -->
  <testcase classname="testNGAnnotation_Flag.InnocationCount" name="method1" time="0.002">
    <system-out>
      <![CDATA[Method1 Is For InnocationCount]]>
    </system-out>
  </testcase> <!-- method1 -->
  <testcase classname="testNGAnnotation_Flag.InnocationCount" name="method1" time="0.002">
    <system-out>
      <![CDATA[Method1 Is For InnocationCount]]>
    </system-out>
  </testcase> <!-- method1 -->
  <testcase classname="testNGAnnotation_Flag.InnocationCount" name="method1" time="0.001">
    <system-out>
      <![CDATA[Method1 Is For InnocationCount]]>
    </system-out>
  </testcase> <!-- method1 -->
  <testcase classname="testNGAnnotation_Flag.InnocationCount" name="method1" time="0.001">
    <system-out>
      <![CDATA[Method1 Is For InnocationCount]]>
    </system-out>
  </testcase> <!-- method1 -->
  <testcase classname="testNGAnnotation_Flag.InnocationCount" name="method1" time="0.002">
    <system-out>
      <![CDATA[Method1 Is For InnocationCount]]>
    </system-out>
  </testcase> <!-- method1 -->
  <testcase classname="testNGAnnotation_Flag.InnocationCount" name="method1" time="0.000">
    <system-out>
      <![CDATA[Method1 Is For InnocationCount]]>
    </system-out>
  </testcase> <!-- method1 -->
  <testcase classname="testNGAnnotation_Flag.InnocationCount" name="method1" time="0.002">
    <system-out>
      <![CDATA[Method1 Is For InnocationCount]]>
    </system-out>
  </testcase> <!-- method1 -->
  <testcase classname="testNGAnnotation_Flag.InnocationCount" name="method1" time="0.000">
    <system-out>
      <![CDATA[Method1 Is For InnocationCount]]>
    </system-out>
  </testcase> <!-- method1 -->
  <testcase classname="testNGAnnotation_Flag.InnocationCount" name="method1" time="0.003">
    <system-out>
      <![CDATA[Method1 Is For InnocationCount]]>
    </system-out>
  </testcase> <!-- method1 -->
  <testcase classname="testNGAnnotation_Flag.InnocationCount" name="method1" time="0.004">
    <system-out>
      <![CDATA[Method1 Is For InnocationCount]]>
    </system-out>
  </testcase> <!-- method1 -->
  <testcase classname="testNGAnnotation_Flag.InnocationCount" name="method1" time="0.001">
    <system-out>
      <![CDATA[Method1 Is For InnocationCount]]>
    </system-out>
  </testcase> <!-- method1 -->
  <testcase classname="testNGAnnotation_Flag.InnocationCount" name="method1" time="0.000">
    <system-out>
      <![CDATA[Method1 Is For InnocationCount]]>
    </system-out>
  </testcase> <!-- method1 -->
  <testcase classname="testNGAnnotation_Flag.InnocationCount" name="method1" time="0.001">
    <system-out>
      <![CDATA[Method1 Is For InnocationCount]]>
    </system-out>
  </testcase> <!-- method1 -->
  <testcase classname="testNGAnnotation_Flag.InnocationCount" name="method1" time="0.001">
    <system-out>
      <![CDATA[Method1 Is For InnocationCount]]>
    </system-out>
  </testcase> <!-- method1 -->
  <testcase classname="testNGAnnotation_Flag.InnocationCount" name="method1" time="0.001">
    <system-out>
      <![CDATA[Method1 Is For InnocationCount]]>
    </system-out>
  </testcase> <!-- method1 -->
  <testcase classname="testNGAnnotation_Flag.InnocationCount" name="method1" time="0.001">
    <system-out>
      <![CDATA[Method1 Is For InnocationCount]]>
    </system-out>
  </testcase> <!-- method1 -->
  <testcase classname="testNGAnnotation_Flag.InnocationCount" name="method1" time="0.001">
    <system-out>
      <![CDATA[Method1 Is For InnocationCount]]>
    </system-out>
  </testcase> <!-- method1 -->
  <testcase classname="testNGAnnotation_Flag.InnocationCount" name="method1" time="0.001">
    <system-out>
      <![CDATA[Method1 Is For InnocationCount]]>
    </system-out>
  </testcase> <!-- method1 -->
  <testcase classname="testNGAnnotation_Flag.InnocationCount" name="method1" time="0.001">
    <system-out>
      <![CDATA[Method1 Is For InnocationCount]]>
    </system-out>
  </testcase> <!-- method1 -->
  <testcase classname="testNGAnnotation_Flag.InnocationCount" name="method1" time="0.001">
    <system-out>
      <![CDATA[Method1 Is For InnocationCount]]>
    </system-out>
  </testcase> <!-- method1 -->
  <testcase classname="testNGAnnotation_Flag.InnocationCount" name="method1" time="0.001">
    <system-out>
      <![CDATA[Method1 Is For InnocationCount]]>
    </system-out>
  </testcase> <!-- method1 -->
  <testcase classname="testNGAnnotation_Flag.InnocationCount" name="method1" time="0.001">
    <system-out>
      <![CDATA[Method1 Is For InnocationCount]]>
    </system-out>
  </testcase> <!-- method1 -->
  <testcase classname="testNGAnnotation_Flag.InnocationCount" name="method1" time="0.000">
    <system-out>
      <![CDATA[Method1 Is For InnocationCount]]>
    </system-out>
  </testcase> <!-- method1 -->
  <testcase classname="testNGAnnotation_Flag.InnocationCount" name="method1" time="0.001">
    <system-out>
      <![CDATA[Method1 Is For InnocationCount]]>
    </system-out>
  </testcase> <!-- method1 -->
  <testcase classname="testNGAnnotation_Flag.InnocationCount" name="method1" time="0.001">
    <system-out>
      <![CDATA[Method1 Is For InnocationCount]]>
    </system-out>
  </testcase> <!-- method1 -->
  <testcase classname="testNGAnnotation_Flag.InnocationCount" name="method1" time="0.001">
    <system-out>
      <![CDATA[Method1 Is For InnocationCount]]>
    </system-out>
  </testcase> <!-- method1 -->
  <testcase classname="testNGAnnotation_Flag.InnocationCount" name="method1" time="0.001">
    <system-out>
      <![CDATA[Method1 Is For InnocationCount]]>
    </system-out>
  </testcase> <!-- method1 -->
  <testcase classname="testNGAnnotation_Flag.InnocationCount" name="method1" time="0.001">
    <system-out>
      <![CDATA[Method1 Is For InnocationCount]]>
    </system-out>
  </testcase> <!-- method1 -->
  <testcase classname="testNGAnnotation_Flag.InnocationCount" name="method1" time="0.002">
    <system-out>
      <![CDATA[Method1 Is For InnocationCount]]>
    </system-out>
  </testcase> <!-- method1 -->
  <testcase classname="testNGAnnotation_Flag.InnocationCount" name="method1" time="0.002">
    <system-out>
      <![CDATA[Method1 Is For InnocationCount]]>
    </system-out>
  </testcase> <!-- method1 -->
  <testcase classname="testNGAnnotation_Flag.InnocationCount" name="method1" time="0.004">
    <system-out>
      <![CDATA[Method1 Is For InnocationCount]]>
    </system-out>
  </testcase> <!-- method1 -->
  <testcase classname="testNGAnnotation_Flag.InnocationCount" name="method1" time="0.001">
    <system-out>
      <![CDATA[Method1 Is For InnocationCount]]>
    </system-out>
  </testcase> <!-- method1 -->
  <testcase classname="testNGAnnotation_Flag.InnocationCount" name="method1" time="0.005">
    <system-out>
      <![CDATA[Method1 Is For InnocationCount]]>
    </system-out>
  </testcase> <!-- method1 -->
  <testcase classname="testNGAnnotation_Flag.InnocationCount" name="method1" time="0.002">
    <system-out>
      <![CDATA[Method1 Is For InnocationCount]]>
    </system-out>
  </testcase> <!-- method1 -->
  <testcase classname="testNGAnnotation_Flag.InnocationCount" name="method1" time="0.001">
    <system-out>
      <![CDATA[Method1 Is For InnocationCount]]>
    </system-out>
  </testcase> <!-- method1 -->
  <testcase classname="testNGAnnotation_Flag.InnocationCount" name="method1" time="0.001">
    <system-out>
      <![CDATA[Method1 Is For InnocationCount]]>
    </system-out>
  </testcase> <!-- method1 -->
  <testcase classname="testNGAnnotation_Flag.InnocationCount" name="method1" time="0.003">
    <system-out>
      <![CDATA[Method1 Is For InnocationCount]]>
    </system-out>
  </testcase> <!-- method1 -->
  <testcase classname="testNGAnnotation_Flag.InnocationCount" name="method1" time="0.001">
    <system-out>
      <![CDATA[Method1 Is For InnocationCount]]>
    </system-out>
  </testcase> <!-- method1 -->
  <testcase classname="testNGAnnotation_Flag.InnocationCount" name="method1" time="0.000">
    <system-out>
      <![CDATA[Method1 Is For InnocationCount]]>
    </system-out>
  </testcase> <!-- method1 -->
  <testcase classname="testNGAnnotation_Flag.InnocationCount" name="method1" time="0.000">
    <system-out>
      <![CDATA[Method1 Is For InnocationCount]]>
    </system-out>
  </testcase> <!-- method1 -->
  <testcase classname="testNGAnnotation_Flag.InnocationCount" name="method1" time="0.002">
    <system-out>
      <![CDATA[Method1 Is For InnocationCount]]>
    </system-out>
  </testcase> <!-- method1 -->
  <testcase classname="testNGAnnotation_Flag.InnocationCount" name="method1" time="0.002">
    <system-out>
      <![CDATA[Method1 Is For InnocationCount]]>
    </system-out>
  </testcase> <!-- method1 -->
  <testcase classname="testNGAnnotation_Flag.InnocationCount" name="method1" time="0.001">
    <system-out>
      <![CDATA[Method1 Is For InnocationCount]]>
    </system-out>
  </testcase> <!-- method1 -->
  <testcase classname="testNGAnnotation_Flag.InnocationCount" name="method1" time="0.001">
    <system-out>
      <![CDATA[Method1 Is For InnocationCount]]>
    </system-out>
  </testcase> <!-- method1 -->
  <testcase classname="testNGAnnotation_Flag.InnocationCount" name="method1" time="0.001">
    <system-out>
      <![CDATA[Method1 Is For InnocationCount]]>
    </system-out>
  </testcase> <!-- method1 -->
  <testcase classname="testNGAnnotation_Flag.InnocationCount" name="method1" time="0.002">
    <system-out>
      <![CDATA[Method1 Is For InnocationCount]]>
    </system-out>
  </testcase> <!-- method1 -->
  <testcase classname="testNGAnnotation_Flag.InnocationCount" name="method1" time="0.002">
    <system-out>
      <![CDATA[Method1 Is For InnocationCount]]>
    </system-out>
  </testcase> <!-- method1 -->
  <testcase classname="testNGAnnotation_Flag.InnocationCount" name="method1" time="0.000">
    <system-out>
      <![CDATA[Method1 Is For InnocationCount]]>
    </system-out>
  </testcase> <!-- method1 -->
  <testcase classname="testNGAnnotation_Flag.InnocationCount" name="method1" time="0.001">
    <system-out>
      <![CDATA[Method1 Is For InnocationCount]]>
    </system-out>
  </testcase> <!-- method1 -->
  <testcase classname="testNGAnnotation_Flag.InnocationCount" name="method1" time="0.001">
    <system-out>
      <![CDATA[Method1 Is For InnocationCount]]>
    </system-out>
  </testcase> <!-- method1 -->
  <testcase classname="testNGAnnotation_Flag.InnocationCount" name="method1" time="0.001">
    <system-out>
      <![CDATA[Method1 Is For InnocationCount]]>
    </system-out>
  </testcase> <!-- method1 -->
  <testcase classname="testNGAnnotation_Flag.InnocationCount" name="method1" time="0.001">
    <system-out>
      <![CDATA[Method1 Is For InnocationCount]]>
    </system-out>
  </testcase> <!-- method1 -->
  <testcase classname="testNGAnnotation_Flag.InnocationCount" name="method1" time="0.001">
    <system-out>
      <![CDATA[Method1 Is For InnocationCount]]>
    </system-out>
  </testcase> <!-- method1 -->
  <testcase classname="testNGAnnotation_Flag.InnocationCount" name="method1" time="0.004">
    <system-out>
      <![CDATA[Method1 Is For InnocationCount]]>
    </system-out>
  </testcase> <!-- method1 -->
  <testcase classname="testNGAnnotation_Flag.InnocationCount" name="method1" time="0.001">
    <system-out>
      <![CDATA[Method1 Is For InnocationCount]]>
    </system-out>
  </testcase> <!-- method1 -->
  <testcase classname="testNGAnnotation_Flag.InnocationCount" name="method1" time="0.001">
    <system-out>
      <![CDATA[Method1 Is For InnocationCount]]>
    </system-out>
  </testcase> <!-- method1 -->
  <testcase classname="testNGAnnotation_Flag.InnocationCount" name="method1" time="0.001">
    <system-out>
      <![CDATA[Method1 Is For InnocationCount]]>
    </system-out>
  </testcase> <!-- method1 -->
  <testcase classname="testNGAnnotation_Flag.InnocationCount" name="method1" time="0.000">
    <system-out>
      <![CDATA[Method1 Is For InnocationCount]]>
    </system-out>
  </testcase> <!-- method1 -->
  <testcase classname="testNGAnnotation_Flag.InnocationCount" name="method1" time="0.004">
    <system-out>
      <![CDATA[Method1 Is For InnocationCount]]>
    </system-out>
  </testcase> <!-- method1 -->
  <testcase classname="testNGAnnotation_Flag.InnocationCount" name="method1" time="0.001">
    <system-out>
      <![CDATA[Method1 Is For InnocationCount]]>
    </system-out>
  </testcase> <!-- method1 -->
  <testcase classname="testNGAnnotation_Flag.InnocationCount" name="method1" time="0.003">
    <system-out>
      <![CDATA[Method1 Is For InnocationCount]]>
    </system-out>
  </testcase> <!-- method1 -->
  <testcase classname="testNGAnnotation_Flag.InnocationCount" name="method1" time="0.002">
    <system-out>
      <![CDATA[Method1 Is For InnocationCount]]>
    </system-out>
  </testcase> <!-- method1 -->
  <testcase classname="testNGAnnotation_Flag.InnocationCount" name="method1" time="0.000">
    <system-out>
      <![CDATA[Method1 Is For InnocationCount]]>
    </system-out>
  </testcase> <!-- method1 -->
  <testcase classname="testNGAnnotation_Flag.InnocationCount" name="method1" time="0.000">
    <system-out>
      <![CDATA[Method1 Is For InnocationCount]]>
    </system-out>
  </testcase> <!-- method1 -->
  <testcase classname="testNGAnnotation_Flag.InnocationCount" name="method1" time="0.000">
    <system-out>
      <![CDATA[Method1 Is For InnocationCount]]>
    </system-out>
  </testcase> <!-- method1 -->
  <testcase classname="testNGAnnotation_Flag.InnocationCount" name="method1" time="0.001">
    <system-out>
      <![CDATA[Method1 Is For InnocationCount]]>
    </system-out>
  </testcase> <!-- method1 -->
  <testcase classname="testNGAnnotation_Flag.InnocationCount" name="method1" time="0.000">
    <system-out>
      <![CDATA[Method1 Is For InnocationCount]]>
    </system-out>
  </testcase> <!-- method1 -->
  <testcase classname="testNGAnnotation_Flag.InnocationCount" name="method1" time="0.001">
    <system-out>
      <![CDATA[Method1 Is For InnocationCount]]>
    </system-out>
  </testcase> <!-- method1 -->
  <testcase classname="testNGAnnotation_Flag.InnocationCount" name="method1" time="0.001">
    <system-out>
      <![CDATA[Method1 Is For InnocationCount]]>
    </system-out>
  </testcase> <!-- method1 -->
  <testcase classname="testNGAnnotation_Flag.InnocationCount" name="method1" time="0.001">
    <system-out>
      <![CDATA[Method1 Is For InnocationCount]]>
    </system-out>
  </testcase> <!-- method1 -->
  <testcase classname="testNGAnnotation_Flag.InnocationCount" name="method1" time="0.004">
    <system-out>
      <![CDATA[Method1 Is For InnocationCount]]>
    </system-out>
  </testcase> <!-- method1 -->
  <testcase classname="testNGAnnotation_Flag.InnocationCount" name="method1" time="0.002">
    <system-out>
      <![CDATA[Method1 Is For InnocationCount]]>
    </system-out>
  </testcase> <!-- method1 -->
  <testcase classname="testNGAnnotation_Flag.InnocationCount" name="method1" time="0.004">
    <system-out>
      <![CDATA[Method1 Is For InnocationCount]]>
    </system-out>
  </testcase> <!-- method1 -->
  <testcase classname="testNGAnnotation_Flag.InnocationCount" name="method1" time="0.001">
    <system-out>
      <![CDATA[Method1 Is For InnocationCount]]>
    </system-out>
  </testcase> <!-- method1 -->
  <testcase classname="testNGAnnotation_Flag.InnocationCount" name="method1" time="0.002">
    <system-out>
      <![CDATA[Method1 Is For InnocationCount]]>
    </system-out>
  </testcase> <!-- method1 -->
  <testcase classname="testNGAnnotation_Flag.InnocationCount" name="method1" time="0.001">
    <system-out>
      <![CDATA[Method1 Is For InnocationCount]]>
    </system-out>
  </testcase> <!-- method1 -->
  <testcase classname="testNGAnnotation_Flag.InnocationCount" name="method1" time="0.000">
    <system-out>
      <![CDATA[Method1 Is For InnocationCount]]>
    </system-out>
  </testcase> <!-- method1 -->
  <testcase classname="testNGAnnotation_Flag.InnocationCount" name="method1" time="0.001">
    <system-out>
      <![CDATA[Method1 Is For InnocationCount]]>
    </system-out>
  </testcase> <!-- method1 -->
  <testcase classname="testNGAnnotation_Flag.InnocationCount" name="method1" time="0.001">
    <system-out>
      <![CDATA[Method1 Is For InnocationCount]]>
    </system-out>
  </testcase> <!-- method1 -->
  <testcase classname="testNGAnnotation_Flag.InnocationCount" name="method1" time="0.001">
    <system-out>
      <![CDATA[Method1 Is For InnocationCount]]>
    </system-out>
  </testcase> <!-- method1 -->
  <testcase classname="testNGAnnotation_Flag.InnocationCount" name="method1" time="0.001">
    <system-out>
      <![CDATA[Method1 Is For InnocationCount]]>
    </system-out>
  </testcase> <!-- method1 -->
  <testcase classname="testNGAnnotation_Flag.InnocationCount" name="method1" time="0.001">
    <system-out>
      <![CDATA[Method1 Is For InnocationCount]]>
    </system-out>
  </testcase> <!-- method1 -->
  <testcase classname="testNGAnnotation_Flag.InnocationCount" name="method1" time="0.001">
    <system-out>
      <![CDATA[Method1 Is For InnocationCount]]>
    </system-out>
  </testcase> <!-- method1 -->
  <testcase classname="testNGAnnotation_Flag.InnocationCount" name="method1" time="0.002">
    <system-out>
      <![CDATA[Method1 Is For InnocationCount]]>
    </system-out>
  </testcase> <!-- method1 -->
  <testcase classname="testNGAnnotation_Flag.InnocationCount" name="method1" time="0.007">
    <system-out>
      <![CDATA[Method1 Is For InnocationCount]]>
    </system-out>
  </testcase> <!-- method1 -->
  <testcase classname="testNGAnnotation_Flag.InnocationCount" name="method1" time="0.002">
    <system-out>
      <![CDATA[Method1 Is For InnocationCount]]>
    </system-out>
  </testcase> <!-- method1 -->
  <testcase classname="testNGAnnotation_Flag.InnocationCount" name="method1" time="0.001">
    <system-out>
      <![CDATA[Method1 Is For InnocationCount]]>
    </system-out>
  </testcase> <!-- method1 -->
  <testcase classname="testNGAnnotation_Flag.InnocationCount" name="method1" time="0.001">
    <system-out>
      <![CDATA[Method1 Is For InnocationCount]]>
    </system-out>
  </testcase> <!-- method1 -->
  <testcase classname="testNGAnnotation_Flag.InnocationCount" name="method1" time="0.007">
    <system-out>
      <![CDATA[Method1 Is For InnocationCount]]>
    </system-out>
  </testcase> <!-- method1 -->
  <testcase classname="testNGAnnotation_Flag.InnocationCount" name="method1" time="0.001">
    <system-out>
      <![CDATA[Method1 Is For InnocationCount]]>
    </system-out>
  </testcase> <!-- method1 -->
  <testcase classname="testNGAnnotation_Flag.InnocationCount" name="method1" time="0.001">
    <system-out>
      <![CDATA[Method1 Is For InnocationCount]]>
    </system-out>
  </testcase> <!-- method1 -->
  <testcase classname="testNGAnnotation_Flag.InnocationCount" name="method1" time="0.000">
    <system-out>
      <![CDATA[Method1 Is For InnocationCount]]>
    </system-out>
  </testcase> <!-- method1 -->
  <testcase classname="testNGAnnotation_Flag.InnocationCount" name="method1" time="0.001">
    <system-out>
      <![CDATA[Method1 Is For InnocationCount]]>
    </system-out>
  </testcase> <!-- method1 -->
  <testcase classname="testNGAnnotation_Flag.InnocationCount" name="method1" time="0.000">
    <system-out>
      <![CDATA[Method1 Is For InnocationCount]]>
    </system-out>
  </testcase> <!-- method1 -->
  <testcase classname="testNGAnnotation_Flag.InnocationCount" name="method1" time="0.008">
    <system-out>
      <![CDATA[Method1 Is For InnocationCount]]>
    </system-out>
  </testcase> <!-- method1 -->
  <testcase classname="testNGAnnotation_Flag.InnocationCount" name="method1" time="0.001">
    <system-out>
      <![CDATA[Method1 Is For InnocationCount]]>
    </system-out>
  </testcase> <!-- method1 -->
  <testcase classname="testNGAnnotation_Flag.InnocationCount" name="method1" time="0.002">
    <system-out>
      <![CDATA[Method1 Is For InnocationCount]]>
    </system-out>
  </testcase> <!-- method1 -->
  <testcase classname="testNGAnnotation_Flag.InnocationCount" name="method1" time="0.001">
    <system-out>
      <![CDATA[Method1 Is For InnocationCount]]>
    </system-out>
  </testcase> <!-- method1 -->
  <testcase classname="testNGAnnotation_Flag.InnocationCount" name="method1" time="0.001">
    <system-out>
      <![CDATA[Method1 Is For InnocationCount]]>
    </system-out>
  </testcase> <!-- method1 -->
  <testcase classname="testNGAnnotation_Flag.InnocationCount" name="method1" time="0.001">
    <system-out>
      <![CDATA[Method1 Is For InnocationCount]]>
    </system-out>
  </testcase> <!-- method1 -->
  <testcase classname="testNGAnnotation_Flag.InnocationCount" name="method1" time="0.000">
    <system-out>
      <![CDATA[Method1 Is For InnocationCount]]>
    </system-out>
  </testcase> <!-- method1 -->
  <testcase classname="testNGAnnotation_Flag.InnocationCount" name="method1" time="0.000">
    <system-out>
      <![CDATA[Method1 Is For InnocationCount]]>
    </system-out>
  </testcase> <!-- method1 -->
  <testcase classname="testNGAnnotation_Flag.InnocationCount" name="method1" time="0.002">
    <system-out>
      <![CDATA[Method1 Is For InnocationCount]]>
    </system-out>
  </testcase> <!-- method1 -->
  <testcase classname="testNGAnnotation_Flag.InnocationCount" name="method1" time="0.001">
    <system-out>
      <![CDATA[Method1 Is For InnocationCount]]>
    </system-out>
  </testcase> <!-- method1 -->
  <testcase classname="testNGAnnotation_Flag.InnocationCount" name="method1" time="0.002">
    <system-out>
      <![CDATA[Method1 Is For InnocationCount]]>
    </system-out>
  </testcase> <!-- method1 -->
  <testcase classname="testNGAnnotation_Flag.InnocationCount" name="method1" time="0.001">
    <system-out>
      <![CDATA[Method1 Is For InnocationCount]]>
    </system-out>
  </testcase> <!-- method1 -->
  <testcase classname="testNGAnnotation_Flag.InnocationCount" name="method1" time="0.001">
    <system-out>
      <![CDATA[Method1 Is For InnocationCount]]>
    </system-out>
  </testcase> <!-- method1 -->
  <testcase classname="testNGAnnotation_Flag.InnocationCount" name="method1" time="0.003">
    <system-out>
      <![CDATA[Method1 Is For InnocationCount]]>
    </system-out>
  </testcase> <!-- method1 -->
  <testcase classname="testNGAnnotation_Flag.InnocationCount" name="method1" time="0.004">
    <system-out>
      <![CDATA[Method1 Is For InnocationCount]]>
    </system-out>
  </testcase> <!-- method1 -->
  <testcase classname="testNGAnnotation_Flag.InnocationCount" name="method1" time="0.001">
    <system-out>
      <![CDATA[Method1 Is For InnocationCount]]>
    </system-out>
  </testcase> <!-- method1 -->
  <testcase classname="testNGAnnotation_Flag.InnocationCount" name="method1" time="0.000">
    <system-out>
      <![CDATA[Method1 Is For InnocationCount]]>
    </system-out>
  </testcase> <!-- method1 -->
  <testcase classname="testNGAnnotation_Flag.InnocationCount" name="method1" time="0.001">
    <system-out>
      <![CDATA[Method1 Is For InnocationCount]]>
    </system-out>
  </testcase> <!-- method1 -->
  <testcase classname="testNGAnnotation_Flag.InnocationCount" name="method1" time="0.006">
    <system-out>
      <![CDATA[Method1 Is For InnocationCount]]>
    </system-out>
  </testcase> <!-- method1 -->
  <testcase classname="testNGAnnotation_Flag.InnocationCount" name="method1" time="0.001">
    <system-out>
      <![CDATA[Method1 Is For InnocationCount]]>
    </system-out>
  </testcase> <!-- method1 -->
  <testcase classname="testNGAnnotation_Flag.InnocationCount" name="method1" time="0.001">
    <system-out>
      <![CDATA[Method1 Is For InnocationCount]]>
    </system-out>
  </testcase> <!-- method1 -->
  <testcase classname="testNGAnnotation_Flag.InnocationCount" name="method1" time="0.003">
    <system-out>
      <![CDATA[Method1 Is For InnocationCount]]>
    </system-out>
  </testcase> <!-- method1 -->
  <testcase classname="testNGAnnotation_Flag.InnocationCount" name="method1" time="0.002">
    <system-out>
      <![CDATA[Method1 Is For InnocationCount]]>
    </system-out>
  </testcase> <!-- method1 -->
  <testcase classname="testNGAnnotation_Flag.InnocationCount" name="method1" time="0.001">
    <system-out>
      <![CDATA[Method1 Is For InnocationCount]]>
    </system-out>
  </testcase> <!-- method1 -->
  <testcase classname="testNGAnnotation_Flag.InnocationCount" name="method1" time="0.005">
    <system-out>
      <![CDATA[Method1 Is For InnocationCount]]>
    </system-out>
  </testcase> <!-- method1 -->
  <testcase classname="testNGAnnotation_Flag.InnocationCount" name="method1" time="0.001">
    <system-out>
      <![CDATA[Method1 Is For InnocationCount]]>
    </system-out>
  </testcase> <!-- method1 -->
  <testcase classname="testNGAnnotation_Flag.InnocationCount" name="method1" time="0.000">
    <system-out>
      <![CDATA[Method1 Is For InnocationCount]]>
    </system-out>
  </testcase> <!-- method1 -->
  <testcase classname="testNGAnnotation_Flag.InnocationCount" name="method1" time="0.001">
    <system-out>
      <![CDATA[Method1 Is For InnocationCount]]>
    </system-out>
  </testcase> <!-- method1 -->
  <testcase classname="testNGAnnotation_Flag.InnocationCount" name="method1" time="0.000">
    <system-out>
      <![CDATA[Method1 Is For InnocationCount]]>
    </system-out>
  </testcase> <!-- method1 -->
  <testcase classname="testNGAnnotation_Flag.InnocationCount" name="method1" time="0.001">
    <system-out>
      <![CDATA[Method1 Is For InnocationCount]]>
    </system-out>
  </testcase> <!-- method1 -->
  <testcase classname="testNGAnnotation_Flag.InnocationCount" name="method1" time="0.000">
    <system-out>
      <![CDATA[Method1 Is For InnocationCount]]>
    </system-out>
  </testcase> <!-- method1 -->
  <testcase classname="testNGAnnotation_Flag.InnocationCount" name="method1" time="0.003">
    <system-out>
      <![CDATA[Method1 Is For InnocationCount]]>
    </system-out>
  </testcase> <!-- method1 -->
  <testcase classname="testNGAnnotation_Flag.InnocationCount" name="method1" time="0.001">
    <system-out>
      <![CDATA[Method1 Is For InnocationCount]]>
    </system-out>
  </testcase> <!-- method1 -->
  <testcase classname="testNGAnnotation_Flag.InnocationCount" name="method1" time="0.001">
    <system-out>
      <![CDATA[Method1 Is For InnocationCount]]>
    </system-out>
  </testcase> <!-- method1 -->
  <testcase classname="testNGAnnotation_Flag.InnocationCount" name="method1" time="0.006">
    <system-out>
      <![CDATA[Method1 Is For InnocationCount]]>
    </system-out>
  </testcase> <!-- method1 -->
  <testcase classname="testNGAnnotation_Flag.InnocationCount" name="method1" time="0.001">
    <system-out>
      <![CDATA[Method1 Is For InnocationCount]]>
    </system-out>
  </testcase> <!-- method1 -->
  <testcase classname="testNGAnnotation_Flag.InnocationCount" name="method1" time="0.001">
    <system-out>
      <![CDATA[Method1 Is For InnocationCount]]>
    </system-out>
  </testcase> <!-- method1 -->
  <testcase classname="testNGAnnotation_Flag.InnocationCount" name="method1" time="0.002">
    <system-out>
      <![CDATA[Method1 Is For InnocationCount]]>
    </system-out>
  </testcase> <!-- method1 -->
  <testcase classname="testNGAnnotation_Flag.InnocationCount" name="method1" time="0.003">
    <system-out>
      <![CDATA[Method1 Is For InnocationCount]]>
    </system-out>
  </testcase> <!-- method1 -->
  <testcase classname="testNGAnnotation_Flag.InnocationCount" name="method1" time="0.001">
    <system-out>
      <![CDATA[Method1 Is For InnocationCount]]>
    </system-out>
  </testcase> <!-- method1 -->
  <testcase classname="testNGAnnotation_Flag.InnocationCount" name="method1" time="0.001">
    <system-out>
      <![CDATA[Method1 Is For InnocationCount]]>
    </system-out>
  </testcase> <!-- method1 -->
  <testcase classname="testNGAnnotation_Flag.InnocationCount" name="method1" time="0.000">
    <system-out>
      <![CDATA[Method1 Is For InnocationCount]]>
    </system-out>
  </testcase> <!-- method1 -->
  <testcase classname="testNGAnnotation_Flag.InnocationCount" name="method1" time="0.000">
    <system-out>
      <![CDATA[Method1 Is For InnocationCount]]>
    </system-out>
  </testcase> <!-- method1 -->
  <testcase classname="testNGAnnotation_Flag.InnocationCount" name="method1" time="0.001">
    <system-out>
      <![CDATA[Method1 Is For InnocationCount]]>
    </system-out>
  </testcase> <!-- method1 -->
  <testcase classname="testNGAnnotation_Flag.InnocationCount" name="method1" time="0.002">
    <system-out>
      <![CDATA[Method1 Is For InnocationCount]]>
    </system-out>
  </testcase> <!-- method1 -->
  <testcase classname="testNGAnnotation_Flag.InnocationCount" name="method1" time="0.001">
    <system-out>
      <![CDATA[Method1 Is For InnocationCount]]>
    </system-out>
  </testcase> <!-- method1 -->
  <testcase classname="testNGAnnotation_Flag.InnocationCount" name="method1" time="0.001">
    <system-out>
      <![CDATA[Method1 Is For InnocationCount]]>
    </system-out>
  </testcase> <!-- method1 -->
  <testcase classname="testNGAnnotation_Flag.InnocationCount" name="method1" time="0.001">
    <system-out>
      <![CDATA[Method1 Is For InnocationCount]]>
    </system-out>
  </testcase> <!-- method1 -->
  <testcase classname="testNGAnnotation_Flag.InnocationCount" name="method1" time="0.002">
    <system-out>
      <![CDATA[Method1 Is For InnocationCount]]>
    </system-out>
  </testcase> <!-- method1 -->
  <testcase classname="testNGAnnotation_Flag.InnocationCount" name="method1" time="0.001">
    <system-out>
      <![CDATA[Method1 Is For InnocationCount]]>
    </system-out>
  </testcase> <!-- method1 -->
  <testcase classname="testNGAnnotation_Flag.InnocationCount" name="method1" time="0.001">
    <system-out>
      <![CDATA[Method1 Is For InnocationCount]]>
    </system-out>
  </testcase> <!-- method1 -->
  <testcase classname="testNGAnnotation_Flag.InnocationCount" name="method1" time="0.001">
    <system-out>
      <![CDATA[Method1 Is For InnocationCount]]>
    </system-out>
  </testcase> <!-- method1 -->
  <testcase classname="testNGAnnotation_Flag.InnocationCount" name="method1" time="0.001">
    <system-out>
      <![CDATA[Method1 Is For InnocationCount]]>
    </system-out>
  </testcase> <!-- method1 -->
  <testcase classname="testNGAnnotation_Flag.InnocationCount" name="method1" time="0.001">
    <system-out>
      <![CDATA[Method1 Is For InnocationCount]]>
    </system-out>
  </testcase> <!-- method1 -->
  <testcase classname="testNGAnnotation_Flag.InnocationCount" name="method1" time="0.001">
    <system-out>
      <![CDATA[Method1 Is For InnocationCount]]>
    </system-out>
  </testcase> <!-- method1 -->
  <testcase classname="testNGAnnotation_Flag.InnocationCount" name="method1" time="0.001">
    <system-out>
      <![CDATA[Method1 Is For InnocationCount]]>
    </system-out>
  </testcase> <!-- method1 -->
  <testcase classname="testNGAnnotation_Flag.InnocationCount" name="method1" time="0.001">
    <system-out>
      <![CDATA[Method1 Is For InnocationCount]]>
    </system-out>
  </testcase> <!-- method1 -->
  <testcase classname="testNGAnnotation_Flag.InnocationCount" name="method1" time="0.001">
    <system-out>
      <![CDATA[Method1 Is For InnocationCount]]>
    </system-out>
  </testcase> <!-- method1 -->
  <testcase classname="testNGAnnotation_Flag.InnocationCount" name="method1" time="0.004">
    <system-out>
      <![CDATA[Method1 Is For InnocationCount]]>
    </system-out>
  </testcase> <!-- method1 -->
  <testcase classname="testNGAnnotation_Flag.InnocationCount" name="method1" time="0.001">
    <system-out>
      <![CDATA[Method1 Is For InnocationCount]]>
    </system-out>
  </testcase> <!-- method1 -->
  <testcase classname="testNGAnnotation_Flag.InnocationCount" name="method1" time="0.001">
    <system-out>
      <![CDATA[Method1 Is For InnocationCount]]>
    </system-out>
  </testcase> <!-- method1 -->
  <testcase classname="testNGAnnotation_Flag.InnocationCount" name="method1" time="0.001">
    <system-out>
      <![CDATA[Method1 Is For InnocationCount]]>
    </system-out>
  </testcase> <!-- method1 -->
  <testcase classname="testNGAnnotation_Flag.InnocationCount" name="method1" time="0.001">
    <system-out>
      <![CDATA[Method1 Is For InnocationCount]]>
    </system-out>
  </testcase> <!-- method1 -->
  <testcase classname="testNGAnnotation_Flag.InnocationCount" name="method1" time="0.001">
    <system-out>
      <![CDATA[Method1 Is For InnocationCount]]>
    </system-out>
  </testcase> <!-- method1 -->
  <testcase classname="testNGAnnotation_Flag.InnocationCount" name="method1" time="0.000">
    <system-out>
      <![CDATA[Method1 Is For InnocationCount]]>
    </system-out>
  </testcase> <!-- method1 -->
  <testcase classname="testNGAnnotation_Flag.InnocationCount" name="method1" time="0.003">
    <system-out>
      <![CDATA[Method1 Is For InnocationCount]]>
    </system-out>
  </testcase> <!-- method1 -->
  <testcase classname="testNGAnnotation_Flag.InnocationCount" name="method1" time="0.000">
    <system-out>
      <![CDATA[Method1 Is For InnocationCount]]>
    </system-out>
  </testcase> <!-- method1 -->
  <testcase classname="testNGAnnotation_Flag.InnocationCount" name="method1" time="0.000">
    <system-out>
      <![CDATA[Method1 Is For InnocationCount]]>
    </system-out>
  </testcase> <!-- method1 -->
  <testcase classname="testNGAnnotation_Flag.InnocationCount" name="method1" time="0.001">
    <system-out>
      <![CDATA[Method1 Is For InnocationCount]]>
    </system-out>
  </testcase> <!-- method1 -->
  <testcase classname="testNGAnnotation_Flag.InnocationCount" name="method1" time="0.008">
    <system-out>
      <![CDATA[Method1 Is For InnocationCount]]>
    </system-out>
  </testcase> <!-- method1 -->
  <testcase classname="testNGAnnotation_Flag.InnocationCount" name="method1" time="0.001">
    <system-out>
      <![CDATA[Method1 Is For InnocationCount]]>
    </system-out>
  </testcase> <!-- method1 -->
  <testcase classname="testNGAnnotation_Flag.InnocationCount" name="method1" time="0.001">
    <system-out>
      <![CDATA[Method1 Is For InnocationCount]]>
    </system-out>
  </testcase> <!-- method1 -->
  <testcase classname="testNGAnnotation_Flag.InnocationCount" name="method1" time="0.002">
    <system-out>
      <![CDATA[Method1 Is For InnocationCount]]>
    </system-out>
  </testcase> <!-- method1 -->
  <testcase classname="testNGAnnotation_Flag.InnocationCount" name="method1" time="0.003">
    <system-out>
      <![CDATA[Method1 Is For InnocationCount]]>
    </system-out>
  </testcase> <!-- method1 -->
  <testcase classname="testNGAnnotation_Flag.InnocationCount" name="method1" time="0.001">
    <system-out>
      <![CDATA[Method1 Is For InnocationCount]]>
    </system-out>
  </testcase> <!-- method1 -->
  <testcase classname="testNGAnnotation_Flag.InnocationCount" name="method1" time="0.030">
    <system-out>
      <![CDATA[Method1 Is For InnocationCount]]>
    </system-out>
  </testcase> <!-- method1 -->
  <testcase classname="testNGAnnotation_Flag.InnocationCount" name="method1" time="0.001">
    <system-out>
      <![CDATA[Method1 Is For InnocationCount]]>
    </system-out>
  </testcase> <!-- method1 -->
  <testcase classname="testNGAnnotation_Flag.InnocationCount" name="method1" time="0.001">
    <system-out>
      <![CDATA[Method1 Is For InnocationCount]]>
    </system-out>
  </testcase> <!-- method1 -->
  <testcase classname="testNGAnnotation_Flag.InnocationCount" name="method1" time="0.005">
    <system-out>
      <![CDATA[Method1 Is For InnocationCount]]>
    </system-out>
  </testcase> <!-- method1 -->
  <testcase classname="testNGAnnotation_Flag.InnocationCount" name="method1" time="0.001">
    <system-out>
      <![CDATA[Method1 Is For InnocationCount]]>
    </system-out>
  </testcase> <!-- method1 -->
  <testcase classname="testNGAnnotation_Flag.InnocationCount" name="method1" time="0.001">
    <system-out>
      <![CDATA[Method1 Is For InnocationCount]]>
    </system-out>
  </testcase> <!-- method1 -->
  <testcase classname="testNGAnnotation_Flag.InnocationCount" name="method1" time="0.001">
    <system-out>
      <![CDATA[Method1 Is For InnocationCount]]>
    </system-out>
  </testcase> <!-- method1 -->
  <testcase classname="testNGAnnotation_Flag.InnocationCount" name="method1" time="0.001">
    <system-out>
      <![CDATA[Method1 Is For InnocationCount]]>
    </system-out>
  </testcase> <!-- method1 -->
  <testcase classname="testNGAnnotation_Flag.InnocationCount" name="method1" time="0.001">
    <system-out>
      <![CDATA[Method1 Is For InnocationCount]]>
    </system-out>
  </testcase> <!-- method1 -->
  <testcase classname="testNGAnnotation_Flag.InnocationCount" name="method1" time="0.001">
    <system-out>
      <![CDATA[Method1 Is For InnocationCount]]>
    </system-out>
  </testcase> <!-- method1 -->
  <testcase classname="testNGAnnotation_Flag.InnocationCount" name="method1" time="0.001">
    <system-out>
      <![CDATA[Method1 Is For InnocationCount]]>
    </system-out>
  </testcase> <!-- method1 -->
  <testcase classname="testNGAnnotation_Flag.InnocationCount" name="method1" time="0.001">
    <system-out>
      <![CDATA[Method1 Is For InnocationCount]]>
    </system-out>
  </testcase> <!-- method1 -->
  <testcase classname="testNGAnnotation_Flag.InnocationCount" name="method1" time="0.001">
    <system-out>
      <![CDATA[Method1 Is For InnocationCount]]>
    </system-out>
  </testcase> <!-- method1 -->
  <testcase classname="testNGAnnotation_Flag.InnocationCount" name="method1" time="0.001">
    <system-out>
      <![CDATA[Method1 Is For InnocationCount]]>
    </system-out>
  </testcase> <!-- method1 -->
  <testcase classname="testNGAnnotation_Flag.InnocationCount" name="method1" time="0.001">
    <system-out>
      <![CDATA[Method1 Is For InnocationCount]]>
    </system-out>
  </testcase> <!-- method1 -->
  <testcase classname="testNGAnnotation_Flag.InnocationCount" name="method1" time="0.001">
    <system-out>
      <![CDATA[Method1 Is For InnocationCount]]>
    </system-out>
  </testcase> <!-- method1 -->
  <testcase classname="testNGAnnotation_Flag.InnocationCount" name="method1" time="0.001">
    <system-out>
      <![CDATA[Method1 Is For InnocationCount]]>
    </system-out>
  </testcase> <!-- method1 -->
  <testcase classname="testNGAnnotation_Flag.InnocationCount" name="method1" time="0.003">
    <system-out>
      <![CDATA[Method1 Is For InnocationCount]]>
    </system-out>
  </testcase> <!-- method1 -->
  <testcase classname="testNGAnnotation_Flag.InnocationCount" name="method1" time="0.004">
    <system-out>
      <![CDATA[Method1 Is For InnocationCount]]>
    </system-out>
  </testcase> <!-- method1 -->
  <testcase classname="testNGAnnotation_Flag.InnocationCount" name="method1" time="0.001">
    <system-out>
      <![CDATA[Method1 Is For InnocationCount]]>
    </system-out>
  </testcase> <!-- method1 -->
  <testcase classname="testNGAnnotation_Flag.InnocationCount" name="method1" time="0.001">
    <system-out>
      <![CDATA[Method1 Is For InnocationCount]]>
    </system-out>
  </testcase> <!-- method1 -->
  <testcase classname="testNGAnnotation_Flag.InnocationCount" name="method1" time="0.001">
    <system-out>
      <![CDATA[Method1 Is For InnocationCount]]>
    </system-out>
  </testcase> <!-- method1 -->
  <testcase classname="testNGAnnotation_Flag.InnocationCount" name="method1" time="0.001">
    <system-out>
      <![CDATA[Method1 Is For InnocationCount]]>
    </system-out>
  </testcase> <!-- method1 -->
  <testcase classname="testNGAnnotation_Flag.InnocationCount" name="method1" time="0.001">
    <system-out>
      <![CDATA[Method1 Is For InnocationCount]]>
    </system-out>
  </testcase> <!-- method1 -->
  <testcase classname="testNGAnnotation_Flag.InnocationCount" name="method1" time="0.001">
    <system-out>
      <![CDATA[Method1 Is For InnocationCount]]>
    </system-out>
  </testcase> <!-- method1 -->
  <testcase classname="testNGAnnotation_Flag.InnocationCount" name="method1" time="0.000">
    <system-out>
      <![CDATA[Method1 Is For InnocationCount]]>
    </system-out>
  </testcase> <!-- method1 -->
  <testcase classname="testNGAnnotation_Flag.InnocationCount" name="method1" time="0.001">
    <system-out>
      <![CDATA[Method1 Is For InnocationCount]]>
    </system-out>
  </testcase> <!-- method1 -->
  <testcase classname="testNGAnnotation_Flag.InnocationCount" name="method1" time="0.001">
    <system-out>
      <![CDATA[Method1 Is For InnocationCount]]>
    </system-out>
  </testcase> <!-- method1 -->
  <testcase classname="testNGAnnotation_Flag.InnocationCount" name="method1" time="0.001">
    <system-out>
      <![CDATA[Method1 Is For InnocationCount]]>
    </system-out>
  </testcase> <!-- method1 -->
  <testcase classname="testNGAnnotation_Flag.InnocationCount" name="method1" time="0.001">
    <system-out>
      <![CDATA[Method1 Is For InnocationCount]]>
    </system-out>
  </testcase> <!-- method1 -->
  <testcase classname="testNGAnnotation_Flag.InnocationCount" name="method1" time="0.003">
    <system-out>
      <![CDATA[Method1 Is For InnocationCount]]>
    </system-out>
  </testcase> <!-- method1 -->
  <testcase classname="testNGAnnotation_Flag.InnocationCount" name="method1" time="0.001">
    <system-out>
      <![CDATA[Method1 Is For InnocationCount]]>
    </system-out>
  </testcase> <!-- method1 -->
  <testcase classname="testNGAnnotation_Flag.InnocationCount" name="method1" time="0.001">
    <system-out>
      <![CDATA[Method1 Is For InnocationCount]]>
    </system-out>
  </testcase> <!-- method1 -->
  <testcase classname="testNGAnnotation_Flag.InnocationCount" name="method1" time="0.008">
    <system-out>
      <![CDATA[Method1 Is For InnocationCount]]>
    </system-out>
  </testcase> <!-- method1 -->
  <testcase classname="testNGAnnotation_Flag.InnocationCount" name="method1" time="0.000">
    <system-out>
      <![CDATA[Method1 Is For InnocationCount]]>
    </system-out>
  </testcase> <!-- method1 -->
  <testcase classname="testNGAnnotation_Flag.InnocationCount" name="method1" time="0.002">
    <system-out>
      <![CDATA[Method1 Is For InnocationCount]]>
    </system-out>
  </testcase> <!-- method1 -->
  <testcase classname="testNGAnnotation_Flag.InnocationCount" name="method1" time="0.002">
    <system-out>
      <![CDATA[Method1 Is For InnocationCount]]>
    </system-out>
  </testcase> <!-- method1 -->
  <testcase classname="testNGAnnotation_Flag.InnocationCount" name="method1" time="0.002">
    <system-out>
      <![CDATA[Method1 Is For InnocationCount]]>
    </system-out>
  </testcase> <!-- method1 -->
  <testcase classname="testNGAnnotation_Flag.InnocationCount" name="method1" time="0.001">
    <system-out>
      <![CDATA[Method1 Is For InnocationCount]]>
    </system-out>
  </testcase> <!-- method1 -->
  <testcase classname="testNGAnnotation_Flag.InnocationCount" name="method1" time="0.001">
    <system-out>
      <![CDATA[Method1 Is For InnocationCount]]>
    </system-out>
  </testcase> <!-- method1 -->
  <testcase classname="testNGAnnotation_Flag.InnocationCount" name="method1" time="0.006">
    <system-out>
      <![CDATA[Method1 Is For InnocationCount]]>
    </system-out>
  </testcase> <!-- method1 -->
  <testcase classname="testNGAnnotation_Flag.InnocationCount" name="method1" time="0.001">
    <system-out>
      <![CDATA[Method1 Is For InnocationCount]]>
    </system-out>
  </testcase> <!-- method1 -->
  <testcase classname="testNGAnnotation_Flag.InnocationCount" name="method1" time="0.009">
    <system-out>
      <![CDATA[Method1 Is For InnocationCount]]>
    </system-out>
  </testcase> <!-- method1 -->
  <testcase classname="testNGAnnotation_Flag.InnocationCount" name="method1" time="0.002">
    <system-out>
      <![CDATA[Method1 Is For InnocationCount]]>
    </system-out>
  </testcase> <!-- method1 -->
  <testcase classname="testNGAnnotation_Flag.InnocationCount" name="method1" time="0.008">
    <system-out>
      <![CDATA[Method1 Is For InnocationCount]]>
    </system-out>
  </testcase> <!-- method1 -->
  <testcase classname="testNGAnnotation_Flag.InnocationCount" name="method1" time="0.005">
    <system-out>
      <![CDATA[Method1 Is For InnocationCount]]>
    </system-out>
  </testcase> <!-- method1 -->
  <testcase classname="testNGAnnotation_Flag.InnocationCount" name="method1" time="0.001">
    <system-out>
      <![CDATA[Method1 Is For InnocationCount]]>
    </system-out>
  </testcase> <!-- method1 -->
  <testcase classname="testNGAnnotation_Flag.InnocationCount" name="method1" time="0.001">
    <system-out>
      <![CDATA[Method1 Is For InnocationCount]]>
    </system-out>
  </testcase> <!-- method1 -->
  <testcase classname="testNGAnnotation_Flag.InnocationCount" name="method1" time="0.000">
    <system-out>
      <![CDATA[Method1 Is For InnocationCount]]>
    </system-out>
  </testcase> <!-- method1 -->
  <testcase classname="testNGAnnotation_Flag.InnocationCount" name="method1" time="0.001">
    <system-out>
      <![CDATA[Method1 Is For InnocationCount]]>
    </system-out>
  </testcase> <!-- method1 -->
  <testcase classname="testNGAnnotation_Flag.InnocationCount" name="method1" time="0.001">
    <system-out>
      <![CDATA[Method1 Is For InnocationCount]]>
    </system-out>
  </testcase> <!-- method1 -->
  <testcase classname="testNGAnnotation_Flag.InnocationCount" name="method1" time="0.001">
    <system-out>
      <![CDATA[Method1 Is For InnocationCount]]>
    </system-out>
  </testcase> <!-- method1 -->
  <testcase classname="testNGAnnotation_Flag.InnocationCount" name="method1" time="0.001">
    <system-out>
      <![CDATA[Method1 Is For InnocationCount]]>
    </system-out>
  </testcase> <!-- method1 -->
  <testcase classname="testNGAnnotation_Flag.InnocationCount" name="method1" time="0.001">
    <system-out>
      <![CDATA[Method1 Is For InnocationCount]]>
    </system-out>
  </testcase> <!-- method1 -->
  <testcase classname="testNGAnnotation_Flag.InnocationCount" name="method1" time="0.002">
    <system-out>
      <![CDATA[Method1 Is For InnocationCount]]>
    </system-out>
  </testcase> <!-- method1 -->
  <testcase classname="testNGAnnotation_Flag.InnocationCount" name="method1" time="0.001">
    <system-out>
      <![CDATA[Method1 Is For InnocationCount]]>
    </system-out>
  </testcase> <!-- method1 -->
  <testcase classname="testNGAnnotation_Flag.InnocationCount" name="method1" time="0.002">
    <system-out>
      <![CDATA[Method1 Is For InnocationCount]]>
    </system-out>
  </testcase> <!-- method1 -->
  <testcase classname="testNGAnnotation_Flag.InnocationCount" name="method1" time="0.001">
    <system-out>
      <![CDATA[Method1 Is For InnocationCount]]>
    </system-out>
  </testcase> <!-- method1 -->
  <testcase classname="testNGAnnotation_Flag.InnocationCount" name="method1" time="0.001">
    <system-out>
      <![CDATA[Method1 Is For InnocationCount]]>
    </system-out>
  </testcase> <!-- method1 -->
  <testcase classname="testNGAnnotation_Flag.InnocationCount" name="method1" time="0.001">
    <system-out>
      <![CDATA[Method1 Is For InnocationCount]]>
    </system-out>
  </testcase> <!-- method1 -->
  <testcase classname="testNGAnnotation_Flag.InnocationCount" name="method1" time="0.002">
    <system-out>
      <![CDATA[Method1 Is For InnocationCount]]>
    </system-out>
  </testcase> <!-- method1 -->
  <testcase classname="testNGAnnotation_Flag.InnocationCount" name="method1" time="0.001">
    <system-out>
      <![CDATA[Method1 Is For InnocationCount]]>
    </system-out>
  </testcase> <!-- method1 -->
  <testcase classname="testNGAnnotation_Flag.InnocationCount" name="method1" time="0.001">
    <system-out>
      <![CDATA[Method1 Is For InnocationCount]]>
    </system-out>
  </testcase> <!-- method1 -->
  <testcase classname="testNGAnnotation_Flag.InnocationCount" name="method1" time="0.000">
    <system-out>
      <![CDATA[Method1 Is For InnocationCount]]>
    </system-out>
  </testcase> <!-- method1 -->
  <testcase classname="testNGAnnotation_Flag.InnocationCount" name="method1" time="0.001">
    <system-out>
      <![CDATA[Method1 Is For InnocationCount]]>
    </system-out>
  </testcase> <!-- method1 -->
  <testcase classname="testNGAnnotation_Flag.InnocationCount" name="method1" time="0.000">
    <system-out>
      <![CDATA[Method1 Is For InnocationCount]]>
    </system-out>
  </testcase> <!-- method1 -->
  <testcase classname="testNGAnnotation_Flag.InnocationCount" name="method1" time="0.005">
    <system-out>
      <![CDATA[Method1 Is For InnocationCount]]>
    </system-out>
  </testcase> <!-- method1 -->
  <testcase classname="testNGAnnotation_Flag.InnocationCount" name="method1" time="0.001">
    <system-out>
      <![CDATA[Method1 Is For InnocationCount]]>
    </system-out>
  </testcase> <!-- method1 -->
  <testcase classname="testNGAnnotation_Flag.InnocationCount" name="method1" time="0.001">
    <system-out>
      <![CDATA[Method1 Is For InnocationCount]]>
    </system-out>
  </testcase> <!-- method1 -->
  <testcase classname="testNGAnnotation_Flag.InnocationCount" name="method1" time="0.000">
    <system-out>
      <![CDATA[Method1 Is For InnocationCount]]>
    </system-out>
  </testcase> <!-- method1 -->
  <testcase classname="testNGAnnotation_Flag.InnocationCount" name="method1" time="0.001">
    <system-out>
      <![CDATA[Method1 Is For InnocationCount]]>
    </system-out>
  </testcase> <!-- method1 -->
  <testcase classname="testNGAnnotation_Flag.InnocationCount" name="method1" time="0.043">
    <system-out>
      <![CDATA[Method1 Is For InnocationCount]]>
    </system-out>
  </testcase> <!-- method1 -->
  <testcase classname="testNGAnnotation_Flag.InnocationCount" name="method1" time="0.014">
    <system-out>
      <![CDATA[Method1 Is For InnocationCount]]>
    </system-out>
  </testcase> <!-- method1 -->
  <testcase classname="testNGAnnotation_Flag.InnocationCount" name="method1" time="0.012">
    <system-out>
      <![CDATA[Method1 Is For InnocationCount]]>
    </system-out>
  </testcase> <!-- method1 -->
  <testcase classname="testNGAnnotation_Flag.InnocationCount" name="method1" time="0.001">
    <system-out>
      <![CDATA[Method1 Is For InnocationCount]]>
    </system-out>
  </testcase> <!-- method1 -->
  <testcase classname="testNGAnnotation_Flag.InnocationCount" name="method1" time="0.001">
    <system-out>
      <![CDATA[Method1 Is For InnocationCount]]>
    </system-out>
  </testcase> <!-- method1 -->
  <testcase classname="testNGAnnotation_Flag.InnocationCount" name="method1" time="0.002">
    <system-out>
      <![CDATA[Method1 Is For InnocationCount]]>
    </system-out>
  </testcase> <!-- method1 -->
  <testcase classname="testNGAnnotation_Flag.InnocationCount" name="method1" time="0.001">
    <system-out>
      <![CDATA[Method1 Is For InnocationCount]]>
    </system-out>
  </testcase> <!-- method1 -->
  <testcase classname="testNGAnnotation_Flag.InnocationCount" name="method1" time="0.001">
    <system-out>
      <![CDATA[Method1 Is For InnocationCount]]>
    </system-out>
  </testcase> <!-- method1 -->
  <testcase classname="testNGAnnotation_Flag.InnocationCount" name="method1" time="0.000">
    <system-out>
      <![CDATA[Method1 Is For InnocationCount]]>
    </system-out>
  </testcase> <!-- method1 -->
  <testcase classname="testNGAnnotation_Flag.InnocationCount" name="method1" time="0.001">
    <system-out>
      <![CDATA[Method1 Is For InnocationCount]]>
    </system-out>
  </testcase> <!-- method1 -->
  <testcase classname="testNGAnnotation_Flag.InnocationCount" name="method1" time="0.004">
    <system-out>
      <![CDATA[Method1 Is For InnocationCount]]>
    </system-out>
  </testcase> <!-- method1 -->
  <testcase classname="testNGAnnotation_Flag.InnocationCount" name="method1" time="0.001">
    <system-out>
      <![CDATA[Method1 Is For InnocationCount]]>
    </system-out>
  </testcase> <!-- method1 -->
  <testcase classname="testNGAnnotation_Flag.InnocationCount" name="method1" time="0.001">
    <system-out>
      <![CDATA[Method1 Is For InnocationCount]]>
    </system-out>
  </testcase> <!-- method1 -->
  <testcase classname="testNGAnnotation_Flag.InnocationCount" name="method1" time="0.001">
    <system-out>
      <![CDATA[Method1 Is For InnocationCount]]>
    </system-out>
  </testcase> <!-- method1 -->
  <testcase classname="testNGAnnotation_Flag.InnocationCount" name="method1" time="0.001">
    <system-out>
      <![CDATA[Method1 Is For InnocationCount]]>
    </system-out>
  </testcase> <!-- method1 -->
  <testcase classname="testNGAnnotation_Flag.InnocationCount" name="method1" time="0.001">
    <system-out>
      <![CDATA[Method1 Is For InnocationCount]]>
    </system-out>
  </testcase> <!-- method1 -->
  <testcase classname="testNGAnnotation_Flag.InnocationCount" name="method1" time="0.001">
    <system-out>
      <![CDATA[Method1 Is For InnocationCount]]>
    </system-out>
  </testcase> <!-- method1 -->
  <testcase classname="testNGAnnotation_Flag.InnocationCount" name="method1" time="0.002">
    <system-out>
      <![CDATA[Method1 Is For InnocationCount]]>
    </system-out>
  </testcase> <!-- method1 -->
  <testcase classname="testNGAnnotation_Flag.InnocationCount" name="method1" time="0.001">
    <system-out>
      <![CDATA[Method1 Is For InnocationCount]]>
    </system-out>
  </testcase> <!-- method1 -->
  <testcase classname="testNGAnnotation_Flag.InnocationCount" name="method1" time="0.001">
    <system-out>
      <![CDATA[Method1 Is For InnocationCount]]>
    </system-out>
  </testcase> <!-- method1 -->
  <testcase classname="testNGAnnotation_Flag.InnocationCount" name="method1" time="0.003">
    <system-out>
      <![CDATA[Method1 Is For InnocationCount]]>
[...]
Method1 Is For InnocationCount
Method1 Is For InnocationCount
Method1 Is For InnocationCount
Method1 Is For InnocationCount
Method1 Is For InnocationCount
Method1 Is For InnocationCount
Method1 Is For InnocationCount
Method1 Is For InnocationCount
Method1 Is For InnocationCount
Method1 Is For InnocationCount
Method1 Is For InnocationCount
Method1 Is For InnocationCount
Method1 Is For InnocationCount
Method1 Is For InnocationCount
Method1 Is For InnocationCount
Method1 Is For InnocationCount
Method1 Is For InnocationCount
Method1 Is For InnocationCount
Method1 Is For InnocationCount
Method1 Is For InnocationCount
Method1 Is For InnocationCount
Method1 Is For InnocationCount
Method1 Is For InnocationCount
Method1 Is For InnocationCount
Method1 Is For InnocationCount
Method1 Is For InnocationCount
Method1 Is For InnocationCount
Method1 Is For InnocationCount
Method1 Is For InnocationCount
Method1 Is For InnocationCount
Method1 Is For InnocationCount
Method1 Is For InnocationCount
Method1 Is For InnocationCount
Method1 Is For InnocationCount
Method1 Is For InnocationCount
Method1 Is For InnocationCount
Method1 Is For InnocationCount
Method1 Is For InnocationCount
Method1 Is For InnocationCount
Method1 Is For InnocationCount
Method1 Is For InnocationCount
Method1 Is For InnocationCount
Method1 Is For InnocationCount
Method1 Is For InnocationCount
Method1 Is For InnocationCount
Method1 Is For InnocationCount
Method1 Is For InnocationCount
Method1 Is For InnocationCount
Method1 Is For InnocationCount
Method1 Is For InnocationCount
Method1 Is For InnocationCount
Method1 Is For InnocationCount
Method1 Is For InnocationCount
Method1 Is For InnocationCount
Method1 Is For InnocationCount
Method1 Is For InnocationCount
Method1 Is For InnocationCount
Method1 Is For InnocationCount
Method1 Is For InnocationCount
Method1 Is For InnocationCount
Method1 Is For InnocationCount
Method1 Is For InnocationCount
Method1 Is For InnocationCount
Method1 Is For InnocationCount
Method1 Is For InnocationCount
Method1 Is For InnocationCount
Method1 Is For InnocationCount
Method1 Is For InnocationCount
Method1 Is For InnocationCount
Method1 Is For InnocationCount
Method1 Is For InnocationCount
Method1 Is For InnocationCount
Method1 Is For InnocationCount
Method1 Is For InnocationCount
Method1 Is For InnocationCount
Method1 Is For InnocationCount
Method1 Is For InnocationCount
Method1 Is For InnocationCount
Method1 Is For InnocationCount
Method1 Is For InnocationCount
Method1 Is For InnocationCount
Method1 Is For InnocationCount
Method1 Is For InnocationCount
Method1 Is For InnocationCount
Method1 Is For InnocationCount
Method1 Is For InnocationCount
Method1 Is For InnocationCount
Method1 Is For InnocationCount
Method1 Is For InnocationCount
Method1 Is For InnocationCount
Method1 Is For InnocationCount
Method1 Is For InnocationCount
Method1 Is For InnocationCount
Method1 Is For InnocationCount
Method1 Is For InnocationCount
Method1 Is For InnocationCount
Method1 Is For InnocationCount
Method1 Is For InnocationCount
Method1 Is For InnocationCount
Method1 Is For InnocationCount
Method1 Is For InnocationCount
Method1 Is For InnocationCount
Method1 Is For InnocationCount
Method1 Is For InnocationCount
Method1 Is For InnocationCount
Method1 Is For InnocationCount
Method1 Is For InnocationCount
Method1 Is For InnocationCount
Method1 Is For InnocationCount
Method1 Is For InnocationCount
Method1 Is For InnocationCount
Method1 Is For InnocationCount
Method1 Is For InnocationCount
Method1 Is For InnocationCount
Method1 Is For InnocationCount
Method1 Is For InnocationCount
Method1 Is For InnocationCount
Method1 Is For InnocationCount
Method1 Is For InnocationCount
Method1 Is For InnocationCount
Method1 Is For InnocationCount
Method1 Is For InnocationCount
Method1 Is For InnocationCount
Method1 Is For InnocationCount
Method1 Is For InnocationCount
Method1 Is For InnocationCount
Method1 Is For InnocationCount
Method1 Is For InnocationCount
Method1 Is For InnocationCount
Method1 Is For InnocationCount
Method1 Is For InnocationCount
Method1 Is For InnocationCount
Method1 Is For InnocationCount
Method1 Is For InnocationCount
Method1 Is For InnocationCount
Method1 Is For InnocationCount
Method1 Is For InnocationCount
Method1 Is For InnocationCount
Method1 Is For InnocationCount
Method1 Is For InnocationCount
Method1 Is For InnocationCount
Method1 Is For InnocationCount
Method1 Is For InnocationCount
Method1 Is For InnocationCount
Method1 Is For InnocationCount
Method1 Is For InnocationCount
Method1 Is For InnocationCount
Method1 Is For InnocationCount
Method1 Is For InnocationCount
Method1 Is For InnocationCount
Method1 Is For InnocationCount
Method1 Is For InnocationCount
Method1 Is For InnocationCount
Method1 Is For InnocationCount
Method1 Is For InnocationCount
Method1 Is For InnocationCount
Method1 Is For InnocationCount
Method1 Is For InnocationCount
Method1 Is For InnocationCount
Method1 Is For InnocationCount
Method1 Is For InnocationCount
Method1 Is For InnocationCount
Method1 Is For InnocationCount
Method1 Is For InnocationCount
Method1 Is For InnocationCount
Method1 Is For InnocationCount
Method1 Is For InnocationCount
Method1 Is For InnocationCount
Method1 Is For InnocationCount
Method1 Is For InnocationCount
Method1 Is For InnocationCount
Method1 Is For InnocationCount
Method1 Is For InnocationCount
Method1 Is For InnocationCount
Method1 Is For InnocationCount
Method1 Is For InnocationCount
Method1 Is For InnocationCount
Method1 Is For InnocationCount
Method1 Is For InnocationCount
Method1 Is For InnocationCount
Method1 Is For InnocationCount
Method1 Is For InnocationCount
Method1 Is For InnocationCount
Method1 Is For InnocationCount
Method1 Is For InnocationCount
Method1 Is For InnocationCount
Method1 Is For InnocationCount
Method1 Is For InnocationCount
Method1 Is For InnocationCount
Method1 Is For InnocationCount
Method1 Is For InnocationCount
Method1 Is For InnocationCount
Method1 Is For InnocationCount
Method1 Is For InnocationCount
Method1 Is For InnocationCount
Method1 Is For InnocationCount
Method1 Is For InnocationCount
Method1 Is For InnocationCount
Method1 Is For InnocationCount
Method1 Is For InnocationCount
Method1 Is For InnocationCount
Method1 Is For InnocationCount
Method1 Is For InnocationCount
Method1 Is For InnocationCount
Method1 Is For InnocationCount
Method1 Is For InnocationCount
Method1 Is For InnocationCount
Method1 Is For InnocationCount
Method1 Is For InnocationCount
Method1 Is For InnocationCount
Method1 Is For InnocationCount
Method1 Is For InnocationCount
Method1 Is For InnocationCount
Method1 Is For InnocationCount
Method1 Is For InnocationCount
Method1 Is For InnocationCount
Method1 Is For InnocationCount
Method1 Is For InnocationCount
Method1 Is For InnocationCount
Method1 Is For InnocationCount
Method1 Is For InnocationCount
Method1 Is For InnocationCount
Method1 Is For InnocationCount
Method1 Is For InnocationCount
Method1 Is For InnocationCount
Method1 Is For InnocationCount
Method1 Is For InnocationCount
Method1 Is For InnocationCount
Method1 Is For InnocationCount
Method1 Is For InnocationCount
Method1 Is For InnocationCount
Method1 Is For InnocationCount
Method1 Is For InnocationCount
Method1 Is For InnocationCount
Method1 Is For InnocationCount
Method1 Is For InnocationCount
Method1 Is For InnocationCount
Method1 Is For InnocationCount
Method1 Is For InnocationCount
Method1 Is For InnocationCount
Method1 Is For InnocationCount
Method1 Is For InnocationCount
Method1 Is For InnocationCount
Method1 Is For InnocationCount
Method1 Is For InnocationCount
Method1 Is For InnocationCount
Method1 Is For InnocationCount
Method1 Is For InnocationCount
Method1 Is For InnocationCount
Method1 Is For InnocationCount
Method1 Is For InnocationCount
Method1 Is For InnocationCount
Method1 Is For InnocationCount
Method1 Is For InnocationCount
Method1 Is For InnocationCount
Method1 Is For InnocationCount
Method1 Is For InnocationCount
Method1 Is For InnocationCount
Method1 Is For InnocationCount
Method1 Is For InnocationCount
Method1 Is For InnocationCount
Method1 Is For InnocationCount
Method1 Is For InnocationCount
Method1 Is For InnocationCount
Method1 Is For InnocationCount
Method1 Is For InnocationCount
Method1 Is For InnocationCount
Method1 Is For InnocationCount
Method1 Is For InnocationCount
Method1 Is For InnocationCount
Method1 Is For InnocationCount
Method1 Is For InnocationCount
Method1 Is For InnocationCount
Method1 Is For InnocationCount
Method1 Is For InnocationCount
Method1 Is For InnocationCount
Method1 Is For InnocationCount
Method1 Is For InnocationCount
Method1 Is For InnocationCount
Method1 Is For InnocationCount
Method1 Is For InnocationCount
Method1 Is For InnocationCount
Method1 Is For InnocationCount
Method1 Is For InnocationCount
Method1 Is For InnocationCount
Method1 Is For InnocationCount
Method1 Is For InnocationCount
Method1 Is For InnocationCount
Method1 Is For InnocationCount
Method1 Is For InnocationCount
Method1 Is For InnocationCount
Method1 Is For InnocationCount
Method1 Is For InnocationCount
Method1 Is For InnocationCount
Method1 Is For InnocationCount
Method1 Is For InnocationCount
Method1 Is For InnocationCount
Method1 Is For InnocationCount
Method1 Is For InnocationCount
Method1 Is For InnocationCount
Method1 Is For InnocationCount
Method1 Is For InnocationCount
Method1 Is For InnocationCount
Method1 Is For InnocationCount
Method1 Is For InnocationCount
Method1 Is For InnocationCount
Method1 Is For InnocationCount
Method1 Is For InnocationCount
Method1 Is For InnocationCount
Method1 Is For InnocationCount
Method1 Is For InnocationCount
Method1 Is For InnocationCount
Method1 Is For InnocationCount
Method1 Is For InnocationCount
Method1 Is For InnocationCount
Method1 Is For InnocationCount
Method1 Is For InnocationCount
Method1 Is For InnocationCount
Method1 Is For InnocationCount
Method1 Is For InnocationCount
Method1 Is For InnocationCount
Method1 Is For InnocationCount
Method1 Is For InnocationCount
Method1 Is For InnocationCount
Method1 Is For InnocationCount
Method1 Is For InnocationCount
Method1 Is For InnocationCount
Method1 Is For InnocationCount
Method1 Is For InnocationCount
Method1 Is For InnocationCount
Method1 Is For InnocationCount
Method1 Is For InnocationCount
Method1 Is For InnocationCount
Method1 Is For InnocationCount
Method1 Is For InnocationCount
Method1 Is For InnocationCount
Method1 Is For InnocationCount
Method1 Is For InnocationCount
Method1 Is For InnocationCount
Method1 Is For InnocationCount
Method1 Is For InnocationCount
Method1 Is For InnocationCount
Method1 Is For InnocationCount
Method1 Is For InnocationCount
Method1 Is For InnocationCount
Method1 Is For InnocationCount
Method1 Is For InnocationCount
Method1 Is For InnocationCount
Method1 Is For InnocationCount
Method1 Is For InnocationCount
Method1 Is For InnocationCount
Method1 Is For InnocationCount
Method1 Is For InnocationCount
Method1 Is For InnocationCount
Method1 Is For InnocationCount
Method1 Is For InnocationCount
Method1 Is For InnocationCount
Method1 Is For InnocationCount
Method1 Is For InnocationCount
Method1 Is For InnocationCount
Method1 Is For InnocationCount
Method1 Is For InnocationCount
Method1 Is For InnocationCount
Method1 Is For InnocationCount
Method1 Is For InnocationCount
Method1 Is For InnocationCount
Method1 Is For InnocationCount
Method1 Is For InnocationCount
Method1 Is For InnocationCount
Method1 Is For InnocationCount
Method1 Is For InnocationCount
Method1 Is For InnocationCount
Method1 Is For InnocationCount
Method1 Is For InnocationCount
Method1 Is For InnocationCount
Method1 Is For InnocationCount
Method1 Is For InnocationCount
Method1 Is For InnocationCount
Method1 Is For InnocationCount
Method1 Is For InnocationCount
Method1 Is For InnocationCount
Method1 Is For InnocationCount
Method1 Is For InnocationCount
Method1 Is For InnocationCount
Method1 Is For InnocationCount
Method1 Is For InnocationCount
Method1 Is For InnocationCount
Method1 Is For InnocationCount
Method1 Is For InnocationCount
Method1 Is For InnocationCount
Method1 Is For InnocationCount
Method1 Is For InnocationCount
Method1 Is For InnocationCount
Method1 Is For InnocationCount
Method1 Is For InnocationCount
Method1 Is For InnocationCount
Method1 Is For InnocationCount
Method1 Is For InnocationCount
Method1 Is For InnocationCount
Method1 Is For InnocationCount
Method1 Is For InnocationCount
Method1 Is For InnocationCount
Method1 Is For InnocationCount
Method1 Is For InnocationCount
Method1 Is For InnocationCount
Method1 Is For InnocationCount
Method1 Is For InnocationCount
Method1 Is For InnocationCount
Method1 Is For InnocationCount
Method1 Is For InnocationCount
Method1 Is For InnocationCount
Method1 Is For InnocationCount
Method1 Is For InnocationCount
Method1 Is For InnocationCount
Method1 Is For InnocationCount
Method1 Is For InnocationCount
Method1 Is For InnocationCount
Method1 Is For InnocationCount
Method1 Is For InnocationCount
Method1 Is For InnocationCount
Method1 Is For InnocationCount
Method1 Is For InnocationCount
Method1 Is For InnocationCount
Method1 Is For InnocationCount
Method1 Is For InnocationCount
Method1 Is For InnocationCount
Method1 Is For InnocationCount
Method1 Is For InnocationCount
Method1 Is For InnocationCount
Method1 Is For InnocationCount
Method1 Is For InnocationCount
Method1 Is For InnocationCount
Method1 Is For InnocationCount
Method1 Is For InnocationCount
Method1 Is For InnocationCount
Method1 Is For InnocationCount
Method1 Is For InnocationCount
Method1 Is For InnocationCount
Method1 Is For InnocationCount
Method1 Is For InnocationCount
Method1 Is For InnocationCount
Method1 Is For InnocationCount
Method1 Is For InnocationCount
Method1 Is For InnocationCount
Method1 Is For InnocationCount
Method1 Is For InnocationCount
Method1 Is For InnocationCount
Method1 Is For InnocationCount
Method1 Is For InnocationCount
Method1 Is For InnocationCount
Method1 Is For InnocationCount
Method1 Is For InnocationCount
Method1 Is For InnocationCount
Method1 Is For InnocationCount
Method1 Is For InnocationCount
Method1 Is For InnocationCount
Method1 Is For InnocationCount
Method1 Is For InnocationCount
Method1 Is For InnocationCount
Method1 Is For InnocationCount
Method1 Is For InnocationCount
Method1 Is For InnocationCount
Method1 Is For InnocationCount
Method1 Is For InnocationCount
Method1 Is For InnocationCount
Method1 Is For InnocationCount
Method1 Is For InnocationCount
Method1 Is For InnocationCount
Method1 Is For InnocationCount
Method1 Is For InnocationCount
Method1 Is For InnocationCount
Method1 Is For InnocationCount
Method1 Is For InnocationCount
Method1 Is For InnocationCount
Method1 Is For InnocationCount
Method1 Is For InnocationCount
Method1 Is For InnocationCount
Method1 Is For InnocationCount
Method1 Is For InnocationCount
Method1 Is For InnocationCount
Method1 Is For InnocationCount
Method1 Is For InnocationCount
Method1 Is For InnocationCount
Method1 Is For InnocationCount
Method1 Is For InnocationCount
Method1 Is For InnocationCount
Method1 Is For InnocationCount
Method1 Is For InnocationCount
Method1 Is For InnocationCount
Method1 Is For InnocationCount
Method1 Is For InnocationCount
Method1 Is For InnocationCount
Method1 Is For InnocationCount
Method1 Is For InnocationCount
Method1 Is For InnocationCount
Method1 Is For InnocationCount
Method1 Is For InnocationCount
Method1 Is For InnocationCount
Method1 Is For InnocationCount
Method1 Is For InnocationCount
Method1 Is For InnocationCount
Method1 Is For InnocationCount
Method1 Is For InnocationCount
Method1 Is For InnocationCount
Method1 Is For InnocationCount
Method1 Is For InnocationCount
Method1 Is For InnocationCount
Method1 Is For InnocationCount
Method1 Is For InnocationCount
Method1 Is For InnocationCount
Method1 Is For InnocationCount
Method1 Is For InnocationCount
Method1 Is For InnocationCount
Method1 Is For InnocationCount
Method1 Is For InnocationCount
Method1 Is For InnocationCount
Method1 Is For InnocationCount
Method1 Is For InnocationCount
Method1 Is For InnocationCount
Method1 Is For InnocationCount
Method1 Is For InnocationCount
Method1 Is For InnocationCount
Method1 Is For InnocationCount
Method1 Is For InnocationCount
Method1 Is For InnocationCount
Method1 Is For InnocationCount
Method1 Is For InnocationCount
Method1 Is For InnocationCount
Method1 Is For InnocationCount
Method1 Is For InnocationCount
Method1 Is For InnocationCount
Method1 Is For InnocationCount
Method1 Is For InnocationCount
Method1 Is For InnocationCount
Method1 Is For InnocationCount
Method1 Is For InnocationCount
Method1 Is For InnocationCount
Method1 Is For InnocationCount
Method1 Is For InnocationCount
Method1 Is For InnocationCount
Method1 Is For InnocationCount
Method1 Is For InnocationCount
Method1 Is For InnocationCount
Method1 Is For InnocationCount
Method1 Is For InnocationCount
Method1 Is For InnocationCount
Method1 Is For InnocationCount
Method1 Is For InnocationCount
Method1 Is For InnocationCount
Method1 Is For InnocationCount
Method1 Is For InnocationCount
Method1 Is For InnocationCount
Method1 Is For InnocationCount
Method1 Is For InnocationCount
Method1 Is For InnocationCount
Method1 Is For InnocationCount
Method1 Is For InnocationCount
Method1 Is For InnocationCount
Method1 Is For InnocationCount
Method1 Is For InnocationCount
Method1 Is For InnocationCount
Method1 Is For InnocationCount
Method1 Is For InnocationCount
Method1 Is For InnocationCount
Method1 Is For InnocationCount
Method1 Is For InnocationCount
Method1 Is For InnocationCount
Method1 Is For InnocationCount
Method1 Is For InnocationCount
Method1 Is For InnocationCount
Method1 Is For InnocationCount
Method1 Is For InnocationCount
Method1 Is For InnocationCount
Method1 Is For InnocationCount
Method1 Is For InnocationCount
Method1 Is For InnocationCount
Method1 Is For InnocationCount
Method1 Is For InnocationCount
Method1 Is For InnocationCount
Method1 Is For InnocationCount
Method1 Is For InnocationCount
Method1 Is For InnocationCount
Method1 Is For InnocationCount
Method1 Is For InnocationCount
Method1 Is For InnocationCount
Method1 Is For InnocationCount
Method1 Is For InnocationCount
Method1 Is For InnocationCount
Method1 Is For InnocationCount
Method1 Is For InnocationCount
Method1 Is For InnocationCount
Method1 Is For InnocationCount
Method1 Is For InnocationCount
Method1 Is For InnocationCount
Method1 Is For InnocationCount
Method1 Is For InnocationCount
Method1 Is For InnocationCount
Method1 Is For InnocationCount
Method1 Is For InnocationCount
Method1 Is For InnocationCount
Method1 Is For InnocationCount
Method1 Is For InnocationCount
Method1 Is For InnocationCount
Method1 Is For InnocationCount
Method1 Is For InnocationCount
Method1 Is For InnocationCount
Method1 Is For InnocationCount
Method1 Is For InnocationCount
Method1 Is For InnocationCount
Method1 Is For InnocationCount
Method1 Is For InnocationCount
Method1 Is For InnocationCount
Method1 Is For InnocationCount
Method1 Is For InnocationCount
Method1 Is For InnocationCount
Method1 Is For InnocationCount
Method1 Is For InnocationCount
Method1 Is For InnocationCount
Method1 Is For InnocationCount
Method1 Is For InnocationCount
Method1 Is For InnocationCount
Method1 Is For InnocationCount
Method1 Is For InnocationCount
Method1 Is For InnocationCount
Method1 Is For InnocationCount
Method1 Is For InnocationCount
Method1 Is For InnocationCount
Method1 Is For InnocationCount
Method1 Is For InnocationCount
Method1 Is For InnocationCount
Method1 Is For InnocationCount
Method1 Is For InnocationCount
Method1 Is For InnocationCount
Method1 Is For InnocationCount
Method1 Is For InnocationCount
Method1 Is For InnocationCount
Method1 Is For InnocationCount
Method1 Is For InnocationCount
Method1 Is For InnocationCount
Method1 Is For InnocationCount
Method1 Is For InnocationCount
Method1 Is For InnocationCount]]>
  </system-out>
</testsuite> <!-- testNGAnnotation_Flag.InnocationCount -->
